[2025-05-26T02:30:58.667Z] INFO - Server started, logging initialized
[2025-05-26T02:31:03.154Z] INFO - Server started, logging initialized
[2025-05-26T02:31:07.189Z] INFO - Server started, logging initialized
[2025-05-26T02:31:13.358Z] INFO - Server started, logging initialized
[2025-05-26T02:31:23.083Z] INFO - Server started, logging initialized
[2025-05-26T02:32:12.539Z] INFO - ເຊີ
[2025-05-26T02:32:13.914Z] INFO - ເຊີເ
[2025-05-26T02:32:16.751Z] INFO - ເຊີເວີກຳລັງ
[2025-05-26T02:32:20.816Z] INFO - ເຊີເວີກຳລັງເລີ່ມຕົ້ນ
[2025-05-26T02:32:31.575Z] INFO - Server started, logging initialized
[2025-05-26T02:32:45.397Z] INFO - ເຊີເວີກຳລັງເລີ່ມຕົ້ນ
[2025-05-26T02:33:26.804Z] INFO - ເຊີເວີກຳລັງເລີ່ມຕົ້ນ
[2025-05-26T02:33:35.455Z] INFO - ເຊີເວີກຳລັງເລີ່ມຕົ້ນ
[2025-05-26T02:33:35.920Z] INFO - ເຊີເວີກຳລັງເລີ່ມຕົ້ນ
[2025-05-26T02:37:58.426Z] INFO - UPDATE | product_id: 67 | by undefined from IP ::ffff:192.168.118.114 | changes: price: 50000 ➝ 50000, sale_price: 60000 ➝ 65000, stock: 50 ➝ 50, category_id: 3 ➝ 3, unit_id: 25 ➝ 25
[2025-05-26T02:42:36.576Z] INFO - ເຊີເວີກຳລັງເລີ່ມຕົ້ນ
[2025-05-26T02:42:36.960Z] INFO - ເຊີເວີກຳລັງເລີ່ມຕົ້ນ
[2025-05-26T02:42:39.651Z] INFO - ເຊີເວີກຳລັງເລີ່ມຕົ້ນ
[2025-05-26T02:42:54.141Z] INFO - ເຊີເວີກຳລັງເລີ່ມຕົ້ນ
[2025-05-26T02:46:28.968Z] INFO - ເຊີເວີກຳລັງເລີ່ມຕົ້ນ
[2025-05-26T02:46:29.943Z] INFO - ເຊີເວີກຳລັງເລີ່ມຕົ້ນ
[2025-05-26T02:46:40.445Z] INFO - UPDATE | product_id: 67
By: unknown
IP: 192.168.118.114
Changes:
  • price: 50000 ➝ 50000
  • sale_price: 70000 ➝ 70000
  • stock: 50 ➝ 50
  • category_id: 3 ➝ 3
  • unit_id: 25 ➝ 25
[2025-05-26T02:54:51.973Z] INFO - ເຊີເວີກຳລັງເລີ່ມຕົ້ນ
[2025-05-26T02:54:52.342Z] INFO - ເຊີເວີກຳລັງເລີ່ມຕົ້ນ
[2025-05-26T02:54:53.473Z] INFO - ເຊີເວີກຳລັງເລີ່ມຕົ້ນ
[2025-05-26T02:56:17.272Z] INFO - INSERT | product_id: 68 | by undefined from IP ::ffff:192.168.118.114
[2025-05-26T02:57:53.450Z] INFO - UPDATE | product_id: 68
By: unknown
IP: 192.168.118.114
Changes:
  • price: 60000 ➝ 60000
  • sale_price: 80000 ➝ 80000
  • stock: 80 ➝ 180
  • category_id: 3 ➝ 3
  • unit_id: 25 ➝ 25
[2025-05-26T02:59:35.146Z] INFO - ເຊີເວີກຳລັງເລີ່ມຕົ້ນ
[2025-05-26T02:59:35.927Z] INFO - ເຊີເວີກຳລັງເລີ່ມຕົ້ນ
[2025-05-26T03:01:09.885Z] INFO - ເຊີເວີກຳລັງເລີ່ມຕົ້ນ
[2025-05-26T03:01:21.310Z] INFO - ເຊີເວີກຳລັງເລີ່ມຕົ້ນ
[2025-05-26T03:01:21.690Z] INFO - ເຊີເວີກຳລັງເລີ່ມຕົ້ນ
[2025-05-26T03:02:07.750Z] INFO - ເຊີເວີກຳລັງເລີ່ມຕົ້ນ
[2025-05-26T03:02:08.233Z] INFO - ເຊີເວີກຳລັງເລີ່ມຕົ້ນ
[2025-05-26T03:02:34.878Z] INFO - UPDATE | product_id: 68
By: unknown
IP: 192.168.118.114
Changes:
  • price: 60000 ➝ 80000
  • sale_price: 80000 ➝ 10000
  • stock: 80 ➝ 80
  • category_id: 3 ➝ 2
  • unit_id: 25 ➝ 25
[2025-05-26T03:05:28.088Z] INFO - INSERT | product_id: 69 | by undefined from IP ::ffff:192.168.118.114
[2025-05-26T03:06:20.831Z] INFO - UPDATE | product_id: 69
By: unknown
IP: 192.168.118.114
Changes:
  • product_name: 'ໝາກລຳໄນ' ➝ 'ໝາກລຳໄຍ'
  • price: 25000 ➝ 25000
  • sale_price: 30000 ➝ 30000
  • stock: 50 ➝ 50
  • category_id: 2 ➝ 3
  • unit_id: 27 ➝ 25
[2025-05-26T03:11:06.072Z] INFO - DELETE | product_id: 69 | from IP ::ffff:192.168.118.114
[2025-05-26T03:15:33.523Z] INFO - UPDATE | product_id: 68
By: unknown
IP: 192.168.118.114
Changes:
  • price: 80000 ➝ 80000
  • sale_price: 10000 ➝ 10000
  • stock: 80 ➝ 80
  • category_id: 2 ➝ 3
  • unit_id: 25 ➝ 25
[2025-05-26T03:22:30.118Z] INFO - ເຊີເວີກຳລັງເລີ່ມຕົ້ນ
[2025-05-26T03:22:31.965Z] INFO - ເຊີເວີກຳລັງເລີ່ມຕົ້ນ
[2025-05-26T03:22:37.560Z] INFO - ເຊີເວີກຳລັງເລີ່ມຕົ້ນ
[2025-05-26T03:25:46.126Z] INFO - ເຊີເວີກຳລັງເລີ່ມຕົ້ນ
[2025-05-26T03:27:10.869Z] INFO - ເຊີເວີກຳລັງເລີ່ມຕົ້ນ
[2025-05-26T03:31:48.254Z] INFO - ເຊີເວີກຳລັງເລີ່ມຕົ້ນ
[2025-05-26T03:34:51.798Z] INFO - ເຊີເວີກຳລັງເລີ່ມຕົ້ນ
[2025-05-26T03:34:52.304Z] INFO - ເຊີເວີກຳລັງເລີ່ມຕົ້ນ
[2025-05-26T03:37:01.942Z] INFO - ເຊີເວີກຳລັງເລີ່ມຕົ້ນ
[2025-05-26T03:37:02.571Z] INFO - ເຊີເວີກຳລັງເລີ່ມຕົ້ນ
[2025-05-26T03:37:40.531Z] INFO - ເຊີເວີກຳລັງເລີ່ມຕົ້ນ
[2025-05-26T03:39:26.045Z] INFO - INSERT | category_id: 33 | by undefined from IP ::ffff:192.168.118.99
[2025-05-26T03:39:45.474Z] INFO - DELETE | category_id: 33 | from IP 192.168.118.114
[2025-05-26T03:40:47.614Z] INFO - DELETE | category_id: 32 | from IP 192.168.118.114
[2025-05-26T03:40:56.126Z] INFO - INSERT | category_id: 34 | by undefined from IP ::ffff:192.168.118.114
[2025-05-26T03:41:51.765Z] INFO - DELETE | category_id: 34 | from IP 192.168.118.114
[2025-05-26T03:44:01.586Z] INFO - UPDATE | category_id: 31 | by unknown from IP 192.168.118.114
Changes:
  • category_name: 'ມັນ' ➝ 'ມັນ11'
[2025-05-26T03:44:19.914Z] INFO - UPDATE | category_id: 31 | by unknown from IP 192.168.118.114
Changes:
  • category_name: 'ມັນ11' ➝ 'ມັນ'
[2025-05-26T03:45:52.149Z] INFO - INSERT | category_id: 35 | by undefined from IP ::ffff:192.168.118.114
[2025-05-26T03:46:25.031Z] INFO - UPDATE | category_id: 35 | by unknown from IP 192.168.118.114
Changes:
  • category_name: 'ຊີ້ນ' ➝ 'ຊີ້ນ999'
[2025-05-26T03:47:17.697Z] INFO - ເຊີເວີກຳລັງເລີ່ມຕົ້ນ
[2025-05-26T03:47:20.843Z] INFO - ເຊີເວີກຳລັງເລີ່ມຕົ້ນ
[2025-05-26T03:47:25.343Z] INFO - DELETE | category_id: 35 | from IP 192.168.118.114
[2025-05-26T03:47:29.100Z] INFO - INSERT | ລະັຫດ: 36 | by undefined from IP ::ffff:192.168.118.114
[2025-05-26T03:47:49.309Z] INFO - ເຊີເວີກຳລັງເລີ່ມຕົ້ນ
[2025-05-26T03:47:52.025Z] INFO - ເຊີເວີກຳລັງເລີ່ມຕົ້ນ
[2025-05-26T03:47:58.543Z] INFO - ເຊີເວີກຳລັງເລີ່ມຕົ້ນ
[2025-05-26T03:48:03.607Z] INFO - ເຊີເວີກຳລັງເລີ່ມຕົ້ນ
[2025-05-26T03:48:15.063Z] INFO - DELETE | category_id: 36 | from IP 192.168.118.114
[2025-05-26T03:48:23.509Z] INFO - ເພີ່ມໃໝ່ | ລະັຫດ: 37 | ໂດຍ undefined ຈາກ IP ::ffff:192.168.118.114
[2025-05-26T03:49:01.056Z] INFO - ເຊີເວີກຳລັງເລີ່ມຕົ້ນ
[2025-05-26T03:49:04.264Z] INFO - ເຊີເວີກຳລັງເລີ່ມຕົ້ນ
[2025-05-26T03:49:06.206Z] INFO - ເຊີເວີກຳລັງເລີ່ມຕົ້ນ
[2025-05-26T03:49:10.749Z] INFO - ເຊີເວີກຳລັງເລີ່ມຕົ້ນ
[2025-05-26T03:49:19.902Z] INFO - DELETE | category_id: 37 | from IP 192.168.118.114
[2025-05-26T03:49:22.917Z] INFO - ເພີ່ມໃໝ່ | ລະັຫດ: 38 | ໂດຍ undefined || ຈາກ IP ::ffff:192.168.118.114
[2025-05-26T03:50:16.115Z] INFO - ເຊີເວີກຳລັງເລີ່ມຕົ້ນ
[2025-05-26T03:50:27.818Z] INFO - DELETE | category_id: 38 | from IP 192.168.118.114
[2025-05-26T03:50:30.286Z] INFO - ເພີ່ມໃໝ່ | ລະັຫດ: 39 | ໂດຍ undefined || ຈາກ IP ::ffff:192.168.118.114
[2025-05-26T03:50:45.399Z] INFO - ເຊີເວີກຳລັງເລີ່ມຕົ້ນ
[2025-05-26T03:50:49.434Z] INFO - ເຊີເວີກຳລັງເລີ່ມຕົ້ນ
[2025-05-26T03:50:55.895Z] INFO - DELETE | category_id: 39 | from IP 192.168.118.114
[2025-05-26T03:51:23.856Z] INFO - ເຊີເວີກຳລັງເລີ່ມຕົ້ນ
[2025-05-26T03:51:28.565Z] INFO - ເຊີເວີກຳລັງເລີ່ມຕົ້ນ
[2025-05-26T03:51:32.302Z] INFO - ເຊີເວີກຳລັງເລີ່ມຕົ້ນ
[2025-05-26T03:51:39.878Z] INFO - ເຊີເວີກຳລັງເລີ່ມຕົ້ນ
[2025-05-26T03:51:51.215Z] INFO - ເຊີເວີກຳລັງເລີ່ມຕົ້ນ
[2025-05-26T03:51:59.286Z] INFO - ເຊີເວີກຳລັງເລີ່ມຕົ້ນ
[2025-05-26T03:52:02.010Z] INFO - ເຊີເວີກຳລັງເລີ່ມຕົ້ນ
[2025-05-26T03:52:03.067Z] INFO - ເຊີເວີກຳລັງເລີ່ມຕົ້ນ
[2025-05-26T03:52:07.604Z] INFO - ເຊີເວີກຳລັງເລີ່ມຕົ້ນ
[2025-05-26T03:52:17.807Z] INFO - ເຊີເວີກຳລັງເລີ່ມຕົ້ນ
[2025-05-26T03:52:20.663Z] INFO - ເຊີເວີກຳລັງເລີ່ມຕົ້ນ
[2025-05-26T03:52:25.283Z] INFO - ເຊີເວີກຳລັງເລີ່ມຕົ້ນ
[2025-05-26T03:52:29.242Z] INFO - ເຊີເວີກຳລັງເລີ່ມຕົ້ນ
[2025-05-26T03:52:40.846Z] INFO - ເຊີເວີກຳລັງເລີ່ມຕົ້ນ
[2025-05-26T03:52:43.846Z] INFO - ເຊີເວີກຳລັງເລີ່ມຕົ້ນ
[2025-05-26T03:52:52.534Z] INFO - ເຊີເວີກຳລັງເລີ່ມຕົ້ນ
[2025-05-26T03:52:56.151Z] INFO - ເຊີເວີກຳລັງເລີ່ມຕົ້ນ
[2025-05-26T03:52:57.634Z] INFO - ເຊີເວີກຳລັງເລີ່ມຕົ້ນ
[2025-05-26T03:52:58.750Z] INFO - ເຊີເວີກຳລັງເລີ່ມຕົ້ນ
[2025-05-26T03:53:14.465Z] INFO - ເຊີເວີກຳລັງເລີ່ມຕົ້ນ
[2025-05-26T03:53:18.890Z] INFO - ເຊີເວີກຳລັງເລີ່ມຕົ້ນ
[2025-05-26T03:53:28.781Z] INFO - ເຊີເວີກຳລັງເລີ່ມຕົ້ນ
[2025-05-26T03:53:32.897Z] INFO - ເຊີເວີກຳລັງເລີ່ມຕົ້ນ
[2025-05-26T03:53:34.860Z] INFO - ເຊີເວີກຳລັງເລີ່ມຕົ້ນ
[2025-05-26T03:53:38.140Z] INFO - ເຊີເວີກຳລັງເລີ່ມຕົ້ນ
[2025-05-26T03:54:01.242Z] INFO - ເຊີເວີກຳລັງເລີ່ມຕົ້ນ
[2025-05-26T03:54:03.094Z] INFO - ເຊີເວີກຳລັງເລີ່ມຕົ້ນ
[2025-05-26T03:54:04.512Z] INFO - ເຊີເວີກຳລັງເລີ່ມຕົ້ນ
[2025-05-26T03:54:10.186Z] INFO - ເຊີເວີກຳລັງເລີ່ມຕົ້ນ
[2025-05-26T03:54:15.737Z] INFO - ເຊີເວີກຳລັງເລີ່ມຕົ້ນ
[2025-05-26T03:55:10.431Z] INFO - ເຊີເວີກຳລັງເລີ່ມຕົ້ນ
[2025-05-26T03:55:18.445Z] INFO - ເຊີເວີກຳລັງເລີ່ມຕົ້ນ
[2025-05-26T03:55:18.795Z] INFO - ເຊີເວີກຳລັງເລີ່ມຕົ້ນ
[2025-05-26T03:55:26.989Z] INFO - ເພີ່ມໃໝ່ | ລະັຫດປະເພດ: 40 | ໂດຍ undefined --> ຈາກ IP 192.168.118.114
[2025-05-26T03:55:56.560Z] INFO - ເຊີເວີກຳລັງເລີ່ມຕົ້ນ
[2025-05-26T03:56:01.906Z] INFO - ເຊີເວີກຳລັງເລີ່ມຕົ້ນ
[2025-05-26T03:56:07.416Z] INFO - ເຊີເວີກຳລັງເລີ່ມຕົ້ນ
[2025-05-26T03:56:11.649Z] INFO - ລຶບ | ລະຫັດປະເພດ: 40 --> ຈາກ IP: 192.168.118.114
[2025-05-26T03:57:00.212Z] INFO - ເຊີເວີກຳລັງເລີ່ມຕົ້ນ
[2025-05-26T03:57:00.762Z] INFO - ເຊີເວີກຳລັງເລີ່ມຕົ້ນ
[2025-05-26T03:57:06.279Z] INFO - ເຊີເວີກຳລັງເລີ່ມຕົ້ນ
[2025-05-26T03:57:09.003Z] INFO - ເຊີເວີກຳລັງເລີ່ມຕົ້ນ
[2025-05-26T03:57:17.438Z] INFO - ເຊີເວີກຳລັງເລີ່ມຕົ້ນ
[2025-05-26T03:57:35.401Z] INFO - ເຊີເວີກຳລັງເລີ່ມຕົ້ນ
[2025-05-26T03:57:39.084Z] INFO - ລຶບ | ລະຫັດປະເພດ: 31 ➝ ຈາກ IP: 192.168.118.114
[2025-05-26T03:58:08.503Z] INFO - ເພີ່ມໃໝ່ | ລະັຫດປະເພດ: 41 ➝ ຈາກ IP: 192.168.118.114
[2025-05-26T03:58:22.224Z] INFO - ແກ້ໄຂ | ລະຫັດປະເພດ: 41 | ➝ ຈາກ IP: 192.168.118.114
ປ່ຽນ:
  • ຊື້ປະເພດ: 'ຊີ້ນ' ➝ 'ຊີ້ນ9999'
[2025-05-26T03:58:41.521Z] INFO - ແກ້ໄຂ | ລະຫັດປະເພດ: 41 | ➝ ຈາກ IP: 192.168.118.114
ປ່ຽນ:
  • ຊື້ປະເພດ: 'ຊີ້ນ9999' ➝ 'ຊີ້ນ'
[2025-05-26T03:59:27.204Z] INFO - ເຊີເວີກຳລັງເລີ່ມຕົ້ນ
[2025-05-26T03:59:33.189Z] INFO - ເຊີເວີກຳລັງເລີ່ມຕົ້ນ
[2025-05-26T03:59:55.550Z] INFO - ເຊີເວີກຳລັງເລີ່ມຕົ້ນ
[2025-05-26T04:00:04.776Z] INFO - ເຊີເວີກຳລັງເລີ່ມຕົ້ນ
[2025-05-26T04:00:07.460Z] INFO - ເຊີເວີກຳລັງເລີ່ມຕົ້ນ
[2025-05-26T04:00:27.343Z] INFO - ເຊີເວີກຳລັງເລີ່ມຕົ້ນ
[2025-05-26T04:01:09.678Z] INFO - ເຊີເວີກຳລັງເລີ່ມຕົ້ນ
[2025-05-26T04:01:12.848Z] INFO - ເຊີເວີກຳລັງເລີ່ມຕົ້ນ
[2025-05-26T04:01:21.698Z] INFO - ເຊີເວີກຳລັງເລີ່ມຕົ້ນ
[2025-05-26T04:01:28.688Z] INFO - ເຊີເວີກຳລັງເລີ່ມຕົ້ນ
[2025-05-26T04:01:34.222Z] INFO - ເຊີເວີກຳລັງເລີ່ມຕົ້ນ
[2025-05-26T04:01:41.037Z] INFO - ເຊີເວີກຳລັງເລີ່ມຕົ້ນ
[2025-05-26T04:01:42.441Z] INFO - ເຊີເວີກຳລັງເລີ່ມຕົ້ນ
[2025-05-26T04:02:17.135Z] INFO - ເຊີເວີກຳລັງເລີ່ມຕົ້ນ
[2025-05-26T04:02:55.958Z] INFO - ເຊີເວີກຳລັງເລີ່ມຕົ້ນ
[2025-05-26T04:05:02.590Z] INFO - ເຊີເວີກຳລັງເລີ່ມຕົ້ນ
[2025-05-26T04:05:18.613Z] INFO - ເຊີເວີກຳລັງເລີ່ມຕົ້ນ
[2025-05-26T04:05:36.806Z] INFO - ເຊີເວີກຳລັງເລີ່ມຕົ້ນ
[2025-05-26T04:05:39.685Z] INFO - ເຊີເວີກຳລັງເລີ່ມຕົ້ນ
[2025-05-26T04:05:41.878Z] INFO - ເຊີເວີກຳລັງເລີ່ມຕົ້ນ
[2025-05-26T04:05:45.512Z] INFO - ເຊີເວີກຳລັງເລີ່ມຕົ້ນ
[2025-05-26T04:05:50.012Z] INFO - ເຊີເວີກຳລັງເລີ່ມຕົ້ນ
[2025-05-26T04:05:52.991Z] INFO - ເຊີເວີກຳລັງເລີ່ມຕົ້ນ
[2025-05-26T04:05:59.205Z] INFO - ເຊີເວີກຳລັງເລີ່ມຕົ້ນ
[2025-05-26T04:06:06.150Z] INFO - ເຊີເວີກຳລັງເລີ່ມຕົ້ນ
[2025-05-26T04:06:12.901Z] INFO - ເຊີເວີກຳລັງເລີ່ມຕົ້ນ
[2025-05-26T04:06:28.778Z] INFO - ແກ້ໄຂ | ລະຫັດສິນຄ້າ: 68
➝ ຈາກIP: 192.168.118.114
ປ່ຽນ:
  • ລາຄາຊື້: 80000 ➝ 80000
  • ລາຄາຂາຍ: 10000 ➝ 10000
  • ຈຳນວນ: 80 ➝ 80
  • ລະຫັດປະເພດ: 3 ➝ 3
  • ລະຫັດຫົວໜ່ວຍ: 25 ➝ 25
[2025-05-26T04:08:39.170Z] INFO - ເຊີເວີກຳລັງເລີ່ມຕົ້ນ
[2025-05-26T04:08:39.564Z] INFO - ເຊີເວີກຳລັງເລີ່ມຕົ້ນ
[2025-05-26T04:08:47.034Z] INFO - ເຊີເວີກຳລັງເລີ່ມຕົ້ນ
[2025-05-26T04:09:07.429Z] INFO - ແກ້ໄຂ | ລະຫັດສິນຄ້າ: 68
➝ ຈາກIP: 192.168.118.114
ປ່ຽນ:
  • product_name: 'ໝາກສະຕໍເບີຣີ99' ➝ 'ໝາກສະຕໍເບີຣີ'
  • price: 80000 ➝ 80000
  • sale_price: 10000 ➝ 10000
  • stock: 80 ➝ 80
  • category_id: 3 ➝ 2
  • unit_id: 25 ➝ 25
[2025-05-26T12:41:01.886Z] INFO - ເຊີເວີກຳລັງເລີ່ມຕົ້ນ
[2025-05-26T12:43:26.996Z] INFO - ເຊີເວີກຳລັງເລີ່ມຕົ້ນ
[2025-05-26T12:43:41.199Z] INFO - ລຶບ | ລະຫັດປະເພດ: 41 ➝ ຈາກ IP: 192.168.118.114
[2025-05-26T12:44:05.702Z] INFO - ເພີ່ມໃໝ່ | ລະັຫດປະເພດ: 42 ➝ ຈາກ IP: 192.168.118.114
[2025-05-26T12:45:38.645Z] INFO - ເຊີເວີກຳລັງເລີ່ມຕົ້ນ
[2025-05-26T12:45:42.122Z] INFO - ເຊີເວີກຳລັງເລີ່ມຕົ້ນ
[2025-05-26T12:46:44.738Z] INFO - ເພີ່ມໃໝ່ | ລະັຫດປະເພດ: 43 ➝ ຈາກ IP: 192.168.118.114
[2025-05-26T12:47:58.238Z] INFO - ເພີ່ມ | ລະຫັດສິນຄ້າ: 70 ➝ ຈາກ IP: 192.168.118.114
[2025-05-26T12:52:33.244Z] INFO - ເຊີເວີກຳລັງເລີ່ມຕົ້ນ
[2025-05-26T12:52:34.616Z] INFO - ເຊີເວີກຳລັງເລີ່ມຕົ້ນ
[2025-05-26T12:53:13.640Z] INFO - ເພີ່ມ | ລະຫັດສິນຄ້າ: 71 | ຊື່ສິນຄ້າ: ໝໝາກລຳໄຍ ➝ ຈາກ IP: 192.168.118.114
[2025-05-26T12:53:46.303Z] INFO - ເຊີເວີກຳລັງເລີ່ມຕົ້ນ
[2025-05-26T12:53:51.415Z] INFO - ເຊີເວີກຳລັງເລີ່ມຕົ້ນ
[2025-05-26T12:53:55.022Z] INFO - ເຊີເວີກຳລັງເລີ່ມຕົ້ນ
[2025-05-26T12:54:02.163Z] INFO - ເຊີເວີກຳລັງເລີ່ມຕົ້ນ
[2025-05-26T12:54:03.890Z] INFO - ເຊີເວີກຳລັງເລີ່ມຕົ້ນ
[2025-05-26T12:54:05.433Z] INFO - ເຊີເວີກຳລັງເລີ່ມຕົ້ນ
[2025-05-26T12:54:12.138Z] INFO - ເຊີເວີກຳລັງເລີ່ມຕົ້ນ
[2025-05-26T12:54:28.814Z] INFO - ແກ້ໄຂ | ລະຫັດສິນຄ້າ: 71
➝ ຈາກIP: 192.168.118.114
ປ່ຽນ:
  • product_name: 'ໝໝາກລຳໄຍ' ➝ 'ໝາກລຳໄຍ'
  • price: 20000 ➝ 20000
  • sale_price: 30000 ➝ 30000
  • stock: 50 ➝ 50
  • category_id: 3 ➝ 3
  • unit_id: 25 ➝ 25
[2025-05-26T12:56:17.887Z] INFO - ເຊີເວີກຳລັງເລີ່ມຕົ້ນ
[2025-05-26T12:56:18.746Z] INFO - ເຊີເວີກຳລັງເລີ່ມຕົ້ນ
[2025-05-26T12:56:36.098Z] INFO - ແກ້ໄຂ | ລະຫັດສິນຄ້າ: 71
➝ ຈາກ IP: 192.168.118.114
ປ່ຽນ:
  • price: 20000 ➝ 20000
  • sale_price: 30000 ➝ 30000
  • stock: 50 ➝ 50
  • category_id: 3 ➝ 3
  • unit_id: 25 ➝ 25
[2025-05-26T12:57:00.064Z] INFO - ເຊີເວີກຳລັງເລີ່ມຕົ້ນ
[2025-05-26T12:57:05.922Z] INFO - ເຊີເວີກຳລັງເລີ່ມຕົ້ນ
[2025-05-26T12:57:12.785Z] INFO - ເຊີເວີກຳລັງເລີ່ມຕົ້ນ
[2025-05-26T12:57:17.922Z] INFO - ເຊີເວີກຳລັງເລີ່ມຕົ້ນ
[2025-05-26T12:57:22.555Z] INFO - ເຊີເວີກຳລັງເລີ່ມຕົ້ນ
[2025-05-26T12:57:23.277Z] INFO - ເຊີເວີກຳລັງເລີ່ມຕົ້ນ
[2025-05-26T12:57:46.867Z] INFO - ແກ້ໄຂ | ລະຫັດສິນຄ້າ: 70
➝ ຈາກ IP: 192.168.118.114
ປ່ຽນ:
  • product_name: 'ໝສກມ່ວງ' ➝ 'ໝາກມ່ວງ'
  • price: 30000 ➝ 30000
  • sale_price: 40000 ➝ 40000
  • stock: 20 ➝ 20
  • category_id: 3 ➝ 3
  • unit_id: 25 ➝ 25
[2025-05-26T13:00:23.153Z] INFO - ເຊີເວີກຳລັງເລີ່ມຕົ້ນ
[2025-05-26T13:01:20.816Z] INFO - ເຊີເວີກຳລັງເລີ່ມຕົ້ນ
[2025-05-26T13:02:00.121Z] INFO - ເຊີເວີກຳລັງເລີ່ມຕົ້ນ
[2025-05-26T13:03:08.800Z] INFO - ເຊີເວີກຳລັງເລີ່ມຕົ້ນ
[2025-05-26T13:03:09.369Z] INFO - ເຊີເວີກຳລັງເລີ່ມຕົ້ນ
[2025-05-26T13:07:02.959Z] INFO - ເຊີເວີກຳລັງເລີ່ມຕົ້ນ
[2025-05-26T13:07:05.192Z] INFO - ເຊີເວີກຳລັງເລີ່ມຕົ້ນ
[2025-05-26T13:11:03.964Z] INFO - ເຊີເວີກຳລັງເລີ່ມຕົ້ນ
[2025-05-26T13:13:43.182Z] INFO - ເພີ່ມ | ລະຫັດສິນຄ້າ: 72 | ຊື່ສິນຄ້າ: ໝາກລີນຈີ່ ➝ ຈາກ IP: 192.168.118.114
[2025-05-26T13:14:16.604Z] INFO - ແກ້ໄຂ | ລະຫັດສິນຄ້າ: 71
➝ ຈາກ IP: 192.168.118.114
ປ່ຽນ:
  • price: 20000 ➝ 20000
  • sale_price: 30000 ➝ 30000
  • stock: 50 ➝ 500
  • category_id: 3 ➝ 3
  • unit_id: 25 ➝ 25
[2025-05-26T13:14:44.050Z] INFO - ລຶບ | ລະຫັດສິນຄ້າ: 67 | from IP ::ffff:192.168.118.114
[2025-05-26T13:15:10.083Z] INFO - ເຊີເວີກຳລັງເລີ່ມຕົ້ນ
[2025-05-26T13:15:12.393Z] INFO - ເຊີເວີກຳລັງເລີ່ມຕົ້ນ
[2025-05-26T13:15:15.276Z] INFO - ເຊີເວີກຳລັງເລີ່ມຕົ້ນ
[2025-05-26T13:15:26.708Z] INFO - ເຊີເວີກຳລັງເລີ່ມຕົ້ນ
[2025-05-26T13:15:28.355Z] INFO - ເຊີເວີກຳລັງເລີ່ມຕົ້ນ
[2025-05-26T13:15:41.770Z] INFO - ເຊີເວີກຳລັງເລີ່ມຕົ້ນ
[2025-05-26T13:15:51.522Z] INFO - ເຊີເວີກຳລັງເລີ່ມຕົ້ນ
[2025-05-26T13:15:54.302Z] INFO - ເຊີເວີກຳລັງເລີ່ມຕົ້ນ
[2025-05-26T13:15:56.070Z] INFO - ເຊີເວີກຳລັງເລີ່ມຕົ້ນ
[2025-05-26T13:16:03.983Z] INFO - ລຶບ | ລະຫັດສິນຄ້າ: 71 | ຈາກ IP: 192.168.118.114
[2025-05-26T13:16:24.537Z] INFO - ແກ້ໄຂ | ລະຫັດປະເພດ: 43 | ➝ ຈາກ IP: 192.168.118.114
ປ່ຽນ:
  • ຊື້ປະເພດ: 'ມັນຕົ້ນ' ➝ 'ມັນຕົ້ນວວ'
[2025-05-26T13:16:52.179Z] INFO - ແກ້ໄຂ | ລະຫັດປະເພດ: 43 | ➝ ຈາກ IP: 192.168.118.114
ປ່ຽນ:
  • ຊື້ປະເພດ: 'ມັນຕົ້ນວວ' ➝ 'ມັນຕົ້ນ'
[2025-05-26T13:16:56.629Z] INFO - ລຶບ | ລະຫັດປະເພດ: 43 ➝ ຈາກ IP: 192.168.118.114
[2025-05-26T13:19:56.707Z] INFO - ເຊີເວີກຳລັງເລີ່ມຕົ້ນ
[2025-05-26T13:19:57.576Z] INFO - ເຊີເວີກຳລັງເລີ່ມຕົ້ນ
[2025-05-26T13:19:58.127Z] INFO - ເຊີເວີກຳລັງເລີ່ມຕົ້ນ
[2025-05-26T13:20:14.833Z] INFO - ເພີ່ມໃໝ່ | ລະຫັດຫົວໜ່ວຍ: 35 | ຫົວໜ່ວຍ: ສສ ➝ ຈາກ IP: 192.168.118.114
[2025-05-26T13:20:29.570Z] INFO - ແກ້ໄຂ | ລະຫັດຫົວໜ່ວຍ: 35 ➝ ຈາກ IP: 192.168.118.114
ປ່ຽນ:
  • unit_name: 'ສສ' ➝ 'ຂີດ'
[2025-05-26T13:20:58.263Z] INFO - ເຊີເວີກຳລັງເລີ່ມຕົ້ນ
[2025-05-26T13:21:01.558Z] INFO - ເຊີເວີກຳລັງເລີ່ມຕົ້ນ
[2025-05-26T13:21:08.346Z] INFO - ເຊີເວີກຳລັງເລີ່ມຕົ້ນ
[2025-05-26T13:21:08.992Z] INFO - ເຊີເວີກຳລັງເລີ່ມຕົ້ນ
[2025-05-26T13:21:56.444Z] INFO - ເພີ່ມໃໝ່ | ລະຫັດຫົວໜ່ວຍ: 36 | ຫົວໜ່ວຍ: ວວ ➝ ຈາກ IP: 192.168.118.114
[2025-05-26T13:22:31.873Z] INFO - ແກ້ໄຂ | ລະຫັດຫົວໜ່ວຍ: 36 ➝ ຈາກ IP: 192.168.118.114
ປ່ຽນ:
  • ຊື່ຫົວໜ່ວຍ: 'ວວ' ➝ 'ໜາວຍ'
[2025-05-26T13:22:46.361Z] INFO - ລຶບ | ລະຫັດຫົວໜ່ວຍ: 36 ➝ ຈາກ IP: 192.168.118.114
[2025-05-26T13:22:59.528Z] INFO - ເພີ່ມໃໝ່ | ລະຫັດຫົວໜ່ວຍ: 37 | ຫົວໜ່ວຍ: ກ້ອນ ➝ ຈາກ IP: 192.168.118.114
[2025-05-27T02:03:52.726Z] INFO - ເຊີເວີກຳລັງເລີ່ມຕົ້ນ
[2025-05-27T02:45:14.551Z] INFO - ເຊີເວີກຳລັງເລີ່ມຕົ້ນ
[2025-05-27T03:13:42.856Z] INFO - ເຊີເວີກຳລັງເລີ່ມຕົ້ນ
[2025-05-27T03:13:53.624Z] INFO - ເຊີເວີກຳລັງເລີ່ມຕົ້ນ
[2025-05-27T03:14:06.661Z] INFO - ເຊີເວີກຳລັງເລີ່ມຕົ້ນ
[2025-05-27T03:14:16.467Z] INFO - ເຊີເວີກຳລັງເລີ່ມຕົ້ນ
[2025-05-27T03:15:11.258Z] INFO - ເຊີເວີກຳລັງເລີ່ມຕົ້ນ
[2025-05-27T03:15:13.916Z] INFO - ເຊີເວີກຳລັງເລີ່ມຕົ້ນ
[2025-05-27T03:15:29.977Z] INFO - ເຊີເວີກຳລັງເລີ່ມຕົ້ນ
[2025-05-27T03:15:34.916Z] INFO - ເຊີເວີກຳລັງເລີ່ມຕົ້ນ
[2025-05-27T03:15:41.140Z] INFO - ເຊີເວີກຳລັງເລີ່ມຕົ້ນ
[2025-05-27T03:15:47.054Z] INFO - ເຊີເວີກຳລັງເລີ່ມຕົ້ນ
[2025-05-27T03:15:49.654Z] INFO - ເຊີເວີກຳລັງເລີ່ມຕົ້ນ
[2025-05-27T03:15:52.957Z] INFO - ເຊີເວີກຳລັງເລີ່ມຕົ້ນ
[2025-05-27T03:15:54.248Z] INFO - ເຊີເວີກຳລັງເລີ່ມຕົ້ນ
[2025-05-27T03:15:56.149Z] INFO - ເຊີເວີກຳລັງເລີ່ມຕົ້ນ
[2025-05-27T03:15:58.380Z] INFO - ເຊີເວີກຳລັງເລີ່ມຕົ້ນ
[2025-05-27T03:16:00.925Z] INFO - ເຊີເວີກຳລັງເລີ່ມຕົ້ນ
[2025-05-27T03:16:07.761Z] INFO - ເຊີເວີກຳລັງເລີ່ມຕົ້ນ
[2025-05-27T03:16:14.539Z] INFO - ເຊີເວີກຳລັງເລີ່ມຕົ້ນ
[2025-05-27T03:16:16.077Z] INFO - ເຊີເວີກຳລັງເລີ່ມຕົ້ນ
[2025-05-27T03:16:17.217Z] INFO - ເຊີເວີກຳລັງເລີ່ມຕົ້ນ
[2025-05-27T03:16:18.837Z] INFO - ເຊີເວີກຳລັງເລີ່ມຕົ້ນ
[2025-05-27T03:16:30.607Z] INFO - ເຊີເວີກຳລັງເລີ່ມຕົ້ນ
[2025-05-27T03:16:33.917Z] INFO - ເຊີເວີກຳລັງເລີ່ມຕົ້ນ
[2025-05-27T03:16:34.983Z] INFO - ເຊີເວີກຳລັງເລີ່ມຕົ້ນ
[2025-05-27T03:16:39.875Z] INFO - ເຊີເວີກຳລັງເລີ່ມຕົ້ນ
[2025-05-27T03:16:52.000Z] INFO - ເຊີເວີກຳລັງເລີ່ມຕົ້ນ
[2025-05-27T03:16:54.661Z] INFO - ເຊີເວີກຳລັງເລີ່ມຕົ້ນ
[2025-05-27T03:16:56.223Z] INFO - ເຊີເວີກຳລັງເລີ່ມຕົ້ນ
[2025-05-27T03:16:58.644Z] INFO - ເຊີເວີກຳລັງເລີ່ມຕົ້ນ
[2025-05-27T03:17:46.203Z] INFO - ເຊີເວີກຳລັງເລີ່ມຕົ້ນ
[2025-05-27T03:17:49.058Z] INFO - ເຊີເວີກຳລັງເລີ່ມຕົ້ນ
[2025-05-27T03:17:50.517Z] INFO - ເຊີເວີກຳລັງເລີ່ມຕົ້ນ
[2025-05-27T03:17:57.611Z] INFO - ເຊີເວີກຳລັງເລີ່ມຕົ້ນ
[2025-05-27T03:17:58.970Z] INFO - ເຊີເວີກຳລັງເລີ່ມຕົ້ນ
[2025-05-27T03:18:00.031Z] INFO - ເຊີເວີກຳລັງເລີ່ມຕົ້ນ
[2025-05-27T03:18:03.282Z] INFO - ເຊີເວີກຳລັງເລີ່ມຕົ້ນ
[2025-05-27T03:18:13.396Z] INFO - ເຊີເວີກຳລັງເລີ່ມຕົ້ນ
[2025-05-27T03:18:15.970Z] INFO - ເຊີເວີກຳລັງເລີ່ມຕົ້ນ
[2025-05-27T03:18:17.464Z] INFO - ເຊີເວີກຳລັງເລີ່ມຕົ້ນ
[2025-05-27T03:19:50.491Z] INFO - ເຊີເວີກຳລັງເລີ່ມຕົ້ນ
[2025-05-27T03:19:53.173Z] INFO - ເຊີເວີກຳລັງເລີ່ມຕົ້ນ
[2025-05-27T03:19:54.345Z] INFO - ເຊີເວີກຳລັງເລີ່ມຕົ້ນ
[2025-05-27T03:19:57.088Z] INFO - ເຊີເວີກຳລັງເລີ່ມຕົ້ນ
[2025-05-27T03:20:01.180Z] INFO - ເຊີເວີກຳລັງເລີ່ມຕົ້ນ
[2025-05-27T03:20:03.355Z] INFO - ເຊີເວີກຳລັງເລີ່ມຕົ້ນ
[2025-05-27T03:20:07.713Z] INFO - ເຊີເວີກຳລັງເລີ່ມຕົ້ນ
[2025-05-27T03:20:10.818Z] INFO - ເຊີເວີກຳລັງເລີ່ມຕົ້ນ
[2025-05-27T03:20:12.207Z] INFO - ເຊີເວີກຳລັງເລີ່ມຕົ້ນ
[2025-05-27T03:20:13.451Z] INFO - ເຊີເວີກຳລັງເລີ່ມຕົ້ນ
[2025-05-27T03:20:17.380Z] INFO - ເຊີເວີກຳລັງເລີ່ມຕົ້ນ
[2025-05-27T03:20:18.860Z] INFO - ເຊີເວີກຳລັງເລີ່ມຕົ້ນ
[2025-05-27T03:20:20.585Z] INFO - ເຊີເວີກຳລັງເລີ່ມຕົ້ນ
[2025-05-27T03:20:23.814Z] INFO - ເຊີເວີກຳລັງເລີ່ມຕົ້ນ
[2025-05-27T03:20:26.458Z] INFO - ເຊີເວີກຳລັງເລີ່ມຕົ້ນ
[2025-05-27T03:20:31.571Z] INFO - ເຊີເວີກຳລັງເລີ່ມຕົ້ນ
[2025-05-27T03:20:32.617Z] INFO - ເຊີເວີກຳລັງເລີ່ມຕົ້ນ
[2025-05-27T03:21:25.373Z] INFO - ເຊີເວີກຳລັງເລີ່ມຕົ້ນ
[2025-05-27T03:21:31.711Z] INFO - ເຊີເວີກຳລັງເລີ່ມຕົ້ນ
[2025-05-27T03:21:52.498Z] INFO - ເຊີເວີກຳລັງເລີ່ມຕົ້ນ
[2025-05-27T03:23:13.336Z] INFO - ເຊີເວີກຳລັງເລີ່ມຕົ້ນ
[2025-05-27T03:23:16.950Z] INFO - ເຊີເວີກຳລັງເລີ່ມຕົ້ນ
[2025-05-27T03:23:48.676Z] INFO - ເຊີເວີກຳລັງເລີ່ມຕົ້ນ
[2025-05-27T03:23:53.966Z] INFO - ເຊີເວີກຳລັງເລີ່ມຕົ້ນ
[2025-05-27T03:23:55.478Z] INFO - ເຊີເວີກຳລັງເລີ່ມຕົ້ນ
[2025-05-27T03:23:57.071Z] INFO - ເຊີເວີກຳລັງເລີ່ມຕົ້ນ
[2025-05-27T03:24:11.476Z] INFO - ເຊີເວີກຳລັງເລີ່ມຕົ້ນ
[2025-05-27T03:24:27.461Z] INFO - ເຊີເວີກຳລັງເລີ່ມຕົ້ນ
[2025-05-27T03:24:36.537Z] INFO - ເຊີເວີກຳລັງເລີ່ມຕົ້ນ
[2025-05-27T03:31:39.440Z] INFO - ເຊີເວີກຳລັງເລີ່ມຕົ້ນ
[2025-05-27T03:32:34.026Z] INFO - Order created successfully for IP: 192.168.118.99
[2025-05-27T03:33:30.572Z] INFO - ເຊີເວີກຳລັງເລີ່ມຕົ້ນ
[2025-05-27T03:33:32.744Z] INFO - ເຊີເວີກຳລັງເລີ່ມຕົ້ນ
[2025-05-27T03:33:38.244Z] INFO - ເຊີເວີກຳລັງເລີ່ມຕົ້ນ
[2025-05-27T03:33:42.134Z] INFO - ເຊີເວີກຳລັງເລີ່ມຕົ້ນ
[2025-05-27T03:33:46.330Z] INFO - ເຊີເວີກຳລັງເລີ່ມຕົ້ນ
[2025-05-27T03:34:09.888Z] INFO - ເຊີເວີກຳລັງເລີ່ມຕົ້ນ
[2025-05-27T03:34:24.266Z] INFO - ເຊີເວີກຳລັງເລີ່ມຕົ້ນ
[2025-05-27T03:34:27.067Z] INFO - ເຊີເວີກຳລັງເລີ່ມຕົ້ນ
[2025-05-27T03:34:35.770Z] INFO - ເຊີເວີກຳລັງເລີ່ມຕົ້ນ
[2025-05-27T03:34:36.872Z] INFO - ເຊີເວີກຳລັງເລີ່ມຕົ້ນ
[2025-05-27T03:34:41.488Z] INFO - ເຊີເວີກຳລັງເລີ່ມຕົ້ນ
[2025-05-27T03:35:25.628Z] INFO - ເຊີເວີກຳລັງເລີ່ມຕົ້ນ
[2025-05-27T03:35:28.366Z] INFO - ເຊີເວີກຳລັງເລີ່ມຕົ້ນ
[2025-05-27T03:35:34.857Z] INFO - ເຊີເວີກຳລັງເລີ່ມຕົ້ນ
[2025-05-27T03:35:39.298Z] INFO - ເຊີເວີກຳລັງເລີ່ມຕົ້ນ
[2025-05-27T03:35:42.757Z] INFO - ເຊີເວີກຳລັງເລີ່ມຕົ້ນ
[2025-05-27T03:35:46.728Z] INFO - ເຊີເວີກຳລັງເລີ່ມຕົ້ນ
[2025-05-27T03:35:51.147Z] INFO - ເຊີເວີກຳລັງເລີ່ມຕົ້ນ
[2025-05-27T03:35:53.794Z] INFO - ເຊີເວີກຳລັງເລີ່ມຕົ້ນ
[2025-05-27T03:35:55.628Z] INFO - ເຊີເວີກຳລັງເລີ່ມຕົ້ນ
[2025-05-27T03:36:06.564Z] INFO - ເຊີເວີກຳລັງເລີ່ມຕົ້ນ
[2025-05-27T03:36:14.136Z] INFO - ເຊີເວີກຳລັງເລີ່ມຕົ້ນ
[2025-05-27T03:36:17.039Z] INFO - ເຊີເວີກຳລັງເລີ່ມຕົ້ນ
[2025-05-27T03:36:26.578Z] INFO - ເຊີເວີກຳລັງເລີ່ມຕົ້ນ
[2025-05-27T03:36:27.634Z] INFO - ເຊີເວີກຳລັງເລີ່ມຕົ້ນ
[2025-05-27T03:36:48.891Z] INFO - ເຊີເວີກຳລັງເລີ່ມຕົ້ນ
[2025-05-27T03:36:50.326Z] INFO - ເຊີເວີກຳລັງເລີ່ມຕົ້ນ
[2025-05-27T03:36:56.781Z] INFO - ເຊີເວີກຳລັງເລີ່ມຕົ້ນ
[2025-05-27T03:37:58.892Z] INFO - ເຊີເວີກຳລັງເລີ່ມຕົ້ນ
[2025-05-27T03:38:11.639Z] INFO - ເຊີເວີກຳລັງເລີ່ມຕົ້ນ
[2025-05-27T03:38:16.751Z] INFO - ເຊີເວີກຳລັງເລີ່ມຕົ້ນ
[2025-05-27T03:38:24.825Z] INFO - ເຊີເວີກຳລັງເລີ່ມຕົ້ນ
[2025-05-27T03:38:30.103Z] INFO - ເຊີເວີກຳລັງເລີ່ມຕົ້ນ
[2025-05-27T03:38:31.690Z] INFO - ເຊີເວີກຳລັງເລີ່ມຕົ້ນ
[2025-05-27T03:38:38.618Z] INFO - ເຊີເວີກຳລັງເລີ່ມຕົ້ນ
[2025-05-27T03:38:41.562Z] INFO - ເຊີເວີກຳລັງເລີ່ມຕົ້ນ
[2025-05-27T03:38:54.470Z] INFO - ເຊີເວີກຳລັງເລີ່ມຕົ້ນ
[2025-05-27T03:38:56.053Z] INFO - ເຊີເວີກຳລັງເລີ່ມຕົ້ນ
[2025-05-27T03:43:38.985Z] INFO - ເຊີເວີກຳລັງເລີ່ມຕົ້ນ
[2025-05-27T03:43:53.636Z] INFO - ເຊີເວີກຳລັງເລີ່ມຕົ້ນ
[2025-05-27T03:44:01.473Z] INFO - ເຊີເວີກຳລັງເລີ່ມຕົ້ນ
[2025-05-27T03:44:21.959Z] INFO - ເຊີເວີກຳລັງເລີ່ມຕົ້ນ
[2025-05-27T03:44:23.547Z] INFO - ເຊີເວີກຳລັງເລີ່ມຕົ້ນ
[2025-05-27T03:45:31.966Z] INFO - ສັ່ງຊື້ລຳເລັດແລ້ວ ຈາກໝາຍເລກ IP: 192.168.118.99
[2025-05-27T03:47:36.510Z] INFO - ເຊີເວີກຳລັງເລີ່ມຕົ້ນ
[2025-05-27T03:47:37.551Z] INFO - ເຊີເວີກຳລັງເລີ່ມຕົ້ນ
[2025-05-27T03:47:43.552Z] INFO - ເຊີເວີກຳລັງເລີ່ມຕົ້ນ
[2025-05-27T03:47:47.512Z] INFO - ເຊີເວີກຳລັງເລີ່ມຕົ້ນ
[2025-05-27T03:48:47.624Z] INFO - ເຊີເວີກຳລັງເລີ່ມຕົ້ນ
[2025-05-27T03:52:17.890Z] INFO - ເຊີເວີກຳລັງເລີ່ມຕົ້ນ
[2025-05-27T03:52:45.957Z] INFO - ເຊີເວີກຳລັງເລີ່ມຕົ້ນ
[2025-05-27T03:52:48.661Z] INFO - ເຊີເວີກຳລັງເລີ່ມຕົ້ນ
[2025-05-27T03:52:49.608Z] INFO - ເຊີເວີກຳລັງເລີ່ມຕົ້ນ
[2025-05-27T03:55:28.679Z] INFO - ສັ່ງຊື້ລຳເລັດແລ້ວ ຈາກໝາຍເລກ IP: 192.168.118.99
[2025-05-27T03:58:41.718Z] INFO - ສັ່ງຊື້ລຳເລັດແລ້ວ ຈາກໝາຍເລກ IP: 192.168.118.99
[2025-05-27T03:59:57.981Z] INFO - ເຊີເວີກຳລັງເລີ່ມຕົ້ນ
[2025-05-27T03:59:59.334Z] INFO - ເຊີເວີກຳລັງເລີ່ມຕົ້ນ
[2025-05-27T04:00:03.124Z] INFO - ເຊີເວີກຳລັງເລີ່ມຕົ້ນ
[2025-05-27T04:00:07.557Z] INFO - ເຊີເວີກຳລັງເລີ່ມຕົ້ນ
[2025-05-27T04:00:10.600Z] INFO - ເຊີເວີກຳລັງເລີ່ມຕົ້ນ
[2025-05-27T04:00:11.892Z] INFO - ເຊີເວີກຳລັງເລີ່ມຕົ້ນ
[2025-05-27T04:01:23.469Z] INFO - ແກ້ໄຂ | ລະຫັດສິນຄ້າ: 68
➝ ຈາກ IP: 192.168.118.114
ປ່ຽນ:
  • price: 80000 ➝ 80000
  • sale_price: 10000 ➝ 100000
  • stock: 80 ➝ 80
  • category_id: 2 ➝ 2
  • unit_id: 25 ➝ 25
[2025-05-27T04:01:30.045Z] INFO - ສັ່ງຊື້ລຳເລັດແລ້ວ ຈາກໝາຍເລກ IP: 192.168.118.99
[2025-05-27T04:03:48.887Z] INFO - ເພີ່ມໃໝ່ | ລະັຫດປະເພດ: 44 ➝ ຈາກ IP: 192.168.118.86
[2025-05-27T04:04:07.255Z] INFO - ລຶບ | ລະຫັດປະເພດ: 44 ➝ ຈາກ IP: 192.168.118.86
[2025-05-27T04:04:34.754Z] INFO - ເພີ່ມໃໝ່ | ລະັຫດປະເພດ: 45 ➝ ຈາກ IP: 192.168.118.86
[2025-05-27T04:07:05.906Z] INFO - ສັ່ງຊື້ລຳເລັດແລ້ວ ຈາກໝາຍເລກ IP: 192.168.118.99
[2025-05-27T04:08:21.679Z] INFO - ເຊີເວີກຳລັງເລີ່ມຕົ້ນ
[2025-05-27T04:08:28.201Z] INFO - ສັ່ງຊື້ລຳເລັດແລ້ວ ຈາກໝາຍເລກ IP: 192.168.118.99
Order Detail:
{
  "order_id": 1,
  "product_id": 70,
  "qty": 5,
  "price": 40000
}
[2025-05-27T04:08:30.881Z] INFO - ເພີ່ມ | ລະຫັດສິນຄ້າ: 73 | ຊື່ສິນຄ້າ: rice ➝ ຈາກ IP: 192.168.118.47
[2025-05-27T04:09:08.395Z] INFO - ສັ່ງຊື້ລຳເລັດແລ້ວ ຈາກໝາຍເລກ IP: 192.168.118.99
Order Detail:
{
  "order_id": 1,
  "product_id": 70,
  "qty": 5,
  "price": 40000
}
[2025-05-27T04:09:34.637Z] INFO - ເພີ່ມ | ລະຫັດສິນຄ້າ: 74 | ຊື່ສິນຄ້າ: ໝາກ ນາວ ➝ ຈາກ IP: 192.168.118.86
[2025-05-27T04:09:44.674Z] INFO - ເຊີເວີກຳລັງເລີ່ມຕົ້ນ
[2025-05-27T04:09:47.357Z] INFO - ເຊີເວີກຳລັງເລີ່ມຕົ້ນ
[2025-05-27T04:09:48.880Z] INFO - ເຊີເວີກຳລັງເລີ່ມຕົ້ນ
[2025-05-27T04:10:00.363Z] INFO - ເຊີເວີກຳລັງເລີ່ມຕົ້ນ
[2025-05-27T04:12:47.195Z] INFO - ລຶບ | ລະຫັດປະເພດ: 45 ➝ ຈາກ IP: 192.168.118.86
[2025-05-27T04:12:56.978Z] INFO - ເພີ່ມໃໝ່ | ລະັຫດປະເພດ: 46 ➝ ຈາກ IP: 192.168.118.86
[2025-05-27T04:13:58.420Z] INFO - ລຶບ | ລະຫັດປະເພດ: 46 ➝ ຈາກ IP: 192.168.118.86
[2025-05-27T04:14:14.080Z] INFO - ເພີ່ມໃໝ່ | ລະັຫດປະເພດ: 47 ➝ ຈາກ IP: 192.168.118.86
[2025-05-27T04:15:18.395Z] INFO - ລຶບ | ລະຫັດປະເພດ: 47 ➝ ຈາກ IP: 192.168.118.86
[2025-05-27T05:52:54.530Z] INFO - ເຊີເວີກຳລັງເລີ່ມຕົ້ນ
[2025-05-27T06:24:39.848Z] INFO - ເຊີເວີກຳລັງເລີ່ມຕົ້ນ
[2025-05-27T06:54:54.075Z] INFO - ເຊີເວີກຳລັງເລີ່ມຕົ້ນ
[2025-05-27T06:55:53.776Z] INFO - ແກ້ໄຂ | ລະຫັດສິນຄ້າ: 74
➝ ຈາກ IP: 192.168.118.114
ປ່ຽນ:
  • product_name: 'ໝາກ ນາວ' ➝ 'ໝາກນາວ99'
  • price: 15000 ➝ 15000
  • sale_price: 25000 ➝ 25000
  • stock: 120 ➝ 120
  • category_id: 3 ➝ 2
  • unit_id: 25 ➝ 25
[2025-05-27T07:33:37.501Z] INFO - ແກ້ໄຂ | ລະຫັດຫົວໜ່ວຍ: 37 ➝ ຈາກ IP: 192.168.118.47
ປ່ຽນ:
  • ຊື່ຫົວໜ່ວຍ: 'ກ້ອນ' ➝ 'ຖົງ'
[2025-05-27T07:38:19.146Z] INFO - ລຶບ | ລະຫັດປະເພດ: 42 ➝ ຈາກ IP: 192.168.118.86
[2025-05-27T07:38:45.103Z] INFO - ເພີ່ມໃໝ່ | ລະັຫດປະເພດ: 48 ➝ ຈາກ IP: 192.168.118.86
[2025-05-27T07:39:04.061Z] INFO - ເພີ່ມ | ລະຫັດສິນຄ້າ: 75 | ຊື່ສິນຄ້າ: ໝາກກ້ວຍ ➝ ຈາກ IP: 192.168.118.47
[2025-05-27T07:44:36.795Z] INFO - ແກ້ໄຂ | ລະຫັດສິນຄ້າ: 73
➝ ຈາກ IP: 192.168.118.47
ປ່ຽນ:
  • product_name: 'rice' ➝ 'ເຂົ້າ'
  • price: 10000 ➝ 10000
  • sale_price: 12000 ➝ 12000
  • stock: 500 ➝ 500
  • category_id: 1 ➝ 1
  • unit_id: 25 ➝ 25
[2025-05-27T07:53:49.613Z] INFO - ເພີ່ມໃໝ່ | ລະຫັດຫົວໜ່ວຍ: 38 | ຫົວໜ່ວຍ: 999 ➝ ຈາກ IP: 192.168.118.86
[2025-05-27T07:54:23.867Z] INFO - ເພີ່ມໃໝ່ | ລະຫັດຫົວໜ່ວຍ: 39 | ຫົວໜ່ວຍ: 66 ➝ ຈາກ IP: 192.168.118.86
[2025-05-27T07:54:27.547Z] INFO - ລຶບ | ລະຫັດຫົວໜ່ວຍ: 39 ➝ ຈາກ IP: 192.168.118.86
[2025-05-27T07:54:36.494Z] INFO - ລຶບ | ລະຫັດຫົວໜ່ວຍ: 38 ➝ ຈາກ IP: 192.168.118.86
[2025-05-27T07:54:54.703Z] INFO - ເພີ່ມໃໝ່ | ລະຫັດຫົວໜ່ວຍ: 40 | ຫົວໜ່ວຍ: h ➝ ຈາກ IP: 192.168.118.86
[2025-05-27T07:55:31.595Z] INFO - ເພີ່ມໃໝ່ | ລະັຫດປະເພດ: 49 ➝ ຈາກ IP: 192.168.118.47
[2025-05-27T07:55:44.893Z] INFO - ລຶບ | ລະຫັດຫົວໜ່ວຍ: 40 ➝ ຈາກ IP: 192.168.118.86
[2025-05-27T07:55:57.251Z] INFO - ລຶບ | ລະຫັດປະເພດ: 49 ➝ ຈາກ IP: 192.168.118.86
[2025-05-27T07:56:00.980Z] INFO - ເພີ່ມໃໝ່ | ລະັຫດປະເພດ: 50 ➝ ຈາກ IP: 192.168.118.86
[2025-05-27T07:56:04.768Z] INFO - ລຶບ | ລະຫັດປະເພດ: 50 ➝ ຈາກ IP: 192.168.118.86
[2025-05-27T07:57:36.492Z] INFO - ລຶບ | ລະຫັດປະເພດ: 48 ➝ ຈາກ IP: 192.168.118.47
[2025-05-27T07:58:04.051Z] INFO - ເພີ່ມໃໝ່ | ລະັຫດປະເພດ: 51 ➝ ຈາກ IP: 192.168.118.47
[2025-05-27T07:58:07.896Z] INFO - ລຶບ | ລະຫັດປະເພດ: 51 ➝ ຈາກ IP: 192.168.118.47
[2025-05-31T12:49:55.726Z] INFO - ເຊີເວີກຳລັງເລີ່ມຕົ້ນ
[2025-05-31T12:50:54.886Z] INFO - ເຊີເວີກຳລັງເລີ່ມຕົ້ນ
[2025-06-01T12:49:00.723Z] INFO - ເຊີເວີກຳລັງເລີ່ມຕົ້ນ
[2025-06-02T01:15:52.902Z] INFO - ເຊີເວີກຳລັງເລີ່ມຕົ້ນ
[2025-06-02T01:21:04.670Z] INFO - ເຊີເວີກຳລັງເລີ່ມຕົ້ນ
[2025-06-02T02:38:58.210Z] INFO - ເຊີເວີກຳລັງເລີ່ມຕົ້ນ
[2025-06-02T12:38:13.083Z] INFO - ເຊີເວີກຳລັງເລີ່ມຕົ້ນ
[2025-06-02T13:36:34.508Z] INFO - ແກ້ໄຂ | ລະຫັດສິນຄ້າ: 53
➝ ຈາກ IP: 192.168.166.99
ປ່ຽນ:
  • price: 40000 ➝ 40000
  • sale_price: 50000 ➝ 55000
  • stock: 10 ➝ 10
  • category_id: 3 ➝ 3
  • unit_id: 25 ➝ 25
[2025-06-02T13:38:43.695Z] INFO - ເຊີເວີກຳລັງເລີ່ມຕົ້ນ
[2025-06-02T13:38:45.433Z] INFO - ເຊີເວີກຳລັງເລີ່ມຕົ້ນ
[2025-06-02T13:39:05.694Z] INFO - ເຊີເວີກຳລັງເລີ່ມຕົ້ນ
[2025-06-02T13:39:12.738Z] INFO - ເຊີເວີກຳລັງເລີ່ມຕົ້ນ
[2025-06-02T13:39:22.801Z] INFO - ເຊີເວີກຳລັງເລີ່ມຕົ້ນ
[2025-06-02T13:39:24.172Z] INFO - ເຊີເວີກຳລັງເລີ່ມຕົ້ນ
[2025-06-02T13:39:27.064Z] INFO - ເຊີເວີກຳລັງເລີ່ມຕົ້ນ
[2025-06-02T13:40:05.170Z] INFO - ແກ້ໄຂ
ລະຫັດສິນຄ້າ: 53
➝ ຈາກ IP: 192.168.166.99
ປ່ຽນ:
  • price: 40000 ➝ 45000
  • sale_price: 55000 ➝ 55000
  • stock: 10 ➝ 100
  • category_id: 3 ➝ 3
  • unit_id: 25 ➝ 25
[2025-06-02T13:42:13.491Z] INFO - ເຊີເວີກຳລັງເລີ່ມຕົ້ນ
[2025-06-02T13:44:30.761Z] INFO - ເຊີເວີກຳລັງເລີ່ມຕົ້ນ
[2025-06-02T13:44:33.580Z] INFO - ເຊີເວີກຳລັງເລີ່ມຕົ້ນ
[2025-06-02T13:44:34.629Z] INFO - ເຊີເວີກຳລັງເລີ່ມຕົ້ນ
[2025-06-02T13:44:39.019Z] INFO - ເຊີເວີກຳລັງເລີ່ມຕົ້ນ
[2025-06-02T13:45:07.142Z] INFO - ແກ້ໄຂ ➝ ຈາກ IP: 192.168.166.99
ລະຫັດສິນຄ້າ: 53
ປ່ຽນ:
  • price: 45000 ➝ 40000
  • sale_price: 55000 ➝ 55000
  • stock: 100 ➝ 1000
  • category_id: 3 ➝ 3
  • unit_id: 25 ➝ 25
[2025-06-02T13:49:57.486Z] INFO - ເພີ່ມ | ລະຫັດສິນຄ້າ: 76 | ຊື່ສິນຄ້າ: ໝາກກ້ອຍ ➝ ຈາກ IP: 192.168.166.99
[2025-06-02T13:59:37.226Z] INFO - ເຊີເວີກຳລັງເລີ່ມຕົ້ນ
[2025-06-02T13:59:38.574Z] INFO - ເຊີເວີກຳລັງເລີ່ມຕົ້ນ
[2025-06-02T14:11:19.202Z] INFO - ເຊີເວີກຳລັງເລີ່ມຕົ້ນ
[2025-06-02T14:12:32.949Z] INFO - ເພີ່ມສິນຄ້າ ➝ ຈາກ IP: 192.168.166.99
ລະຫັດສິນຄ້າ: 77
ລາຍລະອຽດ:
  • ຊື່ສິນຄ້າ: ໝາກເງາະ
  • ລາຄາ: 50000
  • ລາຄາລົດ: 60000
  • ຈໍານວນ: 50
  • ຫມວດໝູ່ ID: 3
  • ຫົວໜ່ວຍ ID: 25
  • ຮູບ: https://res.cloudinary.com/dreyxbtxj/image/upload/v1748873553/txxef73mrddgusscvbn7.jpg
[2025-06-02T14:13:50.284Z] INFO - ເຊີເວີກຳລັງເລີ່ມຕົ້ນ
[2025-06-02T14:13:55.301Z] INFO - ເຊີເວີກຳລັງເລີ່ມຕົ້ນ
[2025-06-02T14:14:00.297Z] INFO - ເຊີເວີກຳລັງເລີ່ມຕົ້ນ
[2025-06-02T14:14:06.623Z] INFO - ເຊີເວີກຳລັງເລີ່ມຕົ້ນ
[2025-06-02T14:14:08.267Z] INFO - ເຊີເວີກຳລັງເລີ່ມຕົ້ນ
[2025-06-02T14:14:09.935Z] INFO - ເຊີເວີກຳລັງເລີ່ມຕົ້ນ
[2025-06-02T14:14:15.105Z] INFO - ເຊີເວີກຳລັງເລີ່ມຕົ້ນ
[2025-06-02T14:14:18.761Z] INFO - ເຊີເວີກຳລັງເລີ່ມຕົ້ນ
[2025-06-02T14:14:22.621Z] INFO - ເຊີເວີກຳລັງເລີ່ມຕົ້ນ
[2025-06-02T14:14:24.159Z] INFO - ເຊີເວີກຳລັງເລີ່ມຕົ້ນ
[2025-06-02T14:14:27.288Z] INFO - ເຊີເວີກຳລັງເລີ່ມຕົ້ນ
[2025-06-02T14:14:30.857Z] INFO - ເຊີເວີກຳລັງເລີ່ມຕົ້ນ
[2025-06-02T14:14:34.615Z] INFO - ເຊີເວີກຳລັງເລີ່ມຕົ້ນ
[2025-06-02T14:14:37.934Z] INFO - ເຊີເວີກຳລັງເລີ່ມຕົ້ນ
[2025-06-02T14:14:41.856Z] INFO - ເຊີເວີກຳລັງເລີ່ມຕົ້ນ
[2025-06-02T14:14:45.159Z] INFO - ເຊີເວີກຳລັງເລີ່ມຕົ້ນ
[2025-06-02T14:14:47.070Z] INFO - ເຊີເວີກຳລັງເລີ່ມຕົ້ນ
[2025-06-02T14:14:48.401Z] INFO - ເຊີເວີກຳລັງເລີ່ມຕົ້ນ
[2025-06-02T14:15:27.522Z] INFO - ເພີ່ມສິນຄ້າ ➝ ຈາກ IP: 192.168.166.99
ລະຫັດສິນຄ້າ: 78
  • ຊື່ສິນຄ້າ: ໝາກອາໂວກາໂດ
  • ລາຄາຊື້: 60000
  • ລາຄາຂາຍ: 70000
  • ຈໍານວນ: 200
  • ລະຫັດຫມວດໝູ່: 3
  • ລະຫັດຫົວໜ່ວຍ: 25
  • ຮູບ: https://res.cloudinary.com/dreyxbtxj/image/upload/v1748873727/dfsez3yrsk7vpopimiml.jpg
[2025-06-02T14:15:52.064Z] INFO - ເຊີເວີກຳລັງເລີ່ມຕົ້ນ
[2025-06-02T14:15:57.311Z] INFO - ເຊີເວີກຳລັງເລີ່ມຕົ້ນ
[2025-06-02T14:16:56.916Z] INFO - ເພີ່ມສິນຄ້າ ➝ ຈາກ IP: 192.168.166.99
  • ລະຫັດສິນຄ້າ: 79
  • ຊື່ສິນຄ້າ: ໝາກຄາຍ
  • ລາຄາຊື້: 20000
  • ລາຄາຂາຍ: 30000
  • ຈໍານວນ: 20
  • ລະຫັດຫມວດໝູ່: 3
  • ລະຫັດຫົວໜ່ວຍ: 25
  • ຮູບ: https://res.cloudinary.com/dreyxbtxj/image/upload/v1748873817/bhc5qyldge7tnhdptpgg.jpg
[2025-06-02T14:17:48.429Z] INFO - ເຊີເວີກຳລັງເລີ່ມຕົ້ນ
[2025-06-02T14:17:50.627Z] INFO - ເຊີເວີກຳລັງເລີ່ມຕົ້ນ
[2025-06-02T14:17:52.206Z] INFO - ເຊີເວີກຳລັງເລີ່ມຕົ້ນ
[2025-06-02T14:17:54.577Z] INFO - ເຊີເວີກຳລັງເລີ່ມຕົ້ນ
[2025-06-02T14:17:56.563Z] INFO - ເຊີເວີກຳລັງເລີ່ມຕົ້ນ
[2025-06-02T14:17:58.377Z] INFO - ເຊີເວີກຳລັງເລີ່ມຕົ້ນ
[2025-06-02T14:18:00.069Z] INFO - ເຊີເວີກຳລັງເລີ່ມຕົ້ນ
[2025-06-02T14:18:02.326Z] INFO - ເຊີເວີກຳລັງເລີ່ມຕົ້ນ
[2025-06-02T14:18:02.884Z] INFO - ເຊີເວີກຳລັງເລີ່ມຕົ້ນ
[2025-06-02T14:18:58.049Z] INFO - ເພີ່ມສິນຄ້າ ➝ ຈາກ IP: 192.168.166.99
• ລະຫັດສິນຄ້າ: 80
• ຊື່ສິນຄ້າ: ໝາກມັງກອນ
• ລາຄາຊື້: 30000
• ລາຄາຂາຍ: 40000
• ຈໍານວນ: 50
• ລະຫັດຫມວດໝູ່: 3
• ລະຫັດຫົວໜ່ວຍ: 25
• ຮູບ: https://res.cloudinary.com/dreyxbtxj/image/upload/v1748873938/cfcacenlnpja2d9mz00i.png
[2025-06-02T14:21:16.536Z] INFO - ເຊີເວີກຳລັງເລີ່ມຕົ້ນ
[2025-06-02T14:22:08.406Z] INFO - ແກ້ໄຂ ➝ ຈາກ IP: 192.168.166.99
ລະຫັດສິນຄ້າ: 76
ປ່ຽນ:
  • price: 10000 ➝ 15000
  • sale_price: 20000 ➝ 20000
  • stock: 100 ➝ 100
  • category_id: 3 ➝ 3
  • unit_id: 25 ➝ 25
[2025-06-02T14:23:18.021Z] INFO - ເຊີເວີກຳລັງເລີ່ມຕົ້ນ
[2025-06-02T14:23:21.938Z] INFO - ເຊີເວີກຳລັງເລີ່ມຕົ້ນ
[2025-06-02T14:23:27.412Z] INFO - ເຊີເວີກຳລັງເລີ່ມຕົ້ນ
[2025-06-02T14:23:32.783Z] INFO - ເຊີເວີກຳລັງເລີ່ມຕົ້ນ
[2025-06-02T14:23:37.350Z] INFO - ເຊີເວີກຳລັງເລີ່ມຕົ້ນ
[2025-06-02T14:23:41.969Z] INFO - ເຊີເວີກຳລັງເລີ່ມຕົ້ນ
[2025-06-02T14:23:44.821Z] INFO - ເຊີເວີກຳລັງເລີ່ມຕົ້ນ
[2025-06-02T14:23:51.605Z] INFO - ເຊີເວີກຳລັງເລີ່ມຕົ້ນ
[2025-06-02T14:23:54.071Z] INFO - ເຊີເວີກຳລັງເລີ່ມຕົ້ນ
[2025-06-02T14:24:56.429Z] INFO - ແກ້ໄຂ ➝ ຈາກ IP: 192.168.166.99
ລະຫັດສິນຄ້າ: 80
ປ່ຽນ:
  • ຊື່ສິນຄ້າ: 'ໝາກມັງກອນ' ➝ 'ມັງກອນ'
  • ລາຄາຊື້: 30000 ➝ 35000
  • ລາຄາຂາຍ: 40000 ➝ 45000
  • ຈຳນວນ: 50 ➝ 500
  • ລະຫັດປະເພດ: 3 ➝ 3
  • ລະຫັດຫົວໜ່ວຍ: 25 ➝ 25
[2025-06-02T14:27:02.661Z] INFO - ເຊີເວີກຳລັງເລີ່ມຕົ້ນ
[2025-06-02T14:27:14.969Z] INFO - ເຊີເວີກຳລັງເລີ່ມຕົ້ນ
[2025-06-02T14:27:16.466Z] INFO - ເຊີເວີກຳລັງເລີ່ມຕົ້ນ
[2025-06-02T14:27:32.489Z] INFO - ເຊີເວີກຳລັງເລີ່ມຕົ້ນ
[2025-06-02T14:28:10.818Z] INFO - ແກ້ໄຂ ➝ ຈາກ IP: 192.168.166.99
ລາຍລະອຽດ:
•ລະຫັດສິນຄ້າ: 78
ປ່ຽນ:
  • ຊື່ສິນຄ້າ: 'ໝາກອາໂວກາໂດ' ➝ 'ອາໂວກາໂດ'
  • ລາຄາຊື້: 60000 ➝ 65000
  • ລາຄາຂາຍ: 70000 ➝ 75000
  • ຈຳນວນ: 200 ➝ 2005
  • ລະຫັດປະເພດ: 3 ➝ 3
  • ລະຫັດຫົວໜ່ວຍ: 25 ➝ 25
[2025-06-02T14:28:29.037Z] INFO - ເຊີເວີກຳລັງເລີ່ມຕົ້ນ
[2025-06-02T14:28:40.932Z] INFO - ເຊີເວີກຳລັງເລີ່ມຕົ້ນ
[2025-06-02T14:28:42.758Z] INFO - ເຊີເວີກຳລັງເລີ່ມຕົ້ນ
[2025-06-02T14:28:45.814Z] INFO - ເຊີເວີກຳລັງເລີ່ມຕົ້ນ
[2025-06-02T14:28:59.715Z] INFO - ລຶບ | ລະຫັດສິນຄ້າ: 76 | ຈາກ IP: 192.168.166.99
[2025-06-02T14:29:38.151Z] INFO - ແກ້ໄຂ ➝ ຈາກ IP: 192.168.166.99
ລາຍລະອຽດ:
•ລະຫັດສິນຄ້າ: 75

• ລາຄາຊື້: 12000 ➝ 15000
• ລາຄາຂາຍ: 15000 ➝ 25000
• ຈຳນວນ: 1200 ➝ 120
• ລະຫັດປະເພດ: 3 ➝ 3
• ລະຫັດຫົວໜ່ວຍ: 25 ➝ 25
[2025-06-02T14:30:17.553Z] INFO - ເຊີເວີກຳລັງເລີ່ມຕົ້ນ
[2025-06-02T14:30:44.836Z] INFO - ແກ້ໄຂ ➝ ຈາກ IP: 192.168.166.99
ລາຍລະອຽດ:
•ລະຫັດສິນຄ້າ: 78
• ຊື່ສິນຄ້າ: 'ອາໂວກາໂດ' ➝ 'ໝາກອາໂວກາໂດ'
• ລາຄາຊື້: 65000 ➝ 65000
• ລາຄາຂາຍ: 75000 ➝ 75000
• ຈຳນວນ: 2005 ➝ 200
• ລະຫັດປະເພດ: 3 ➝ 3
• ລະຫັດຫົວໜ່ວຍ: 25 ➝ 25
[2025-06-02T14:31:56.126Z] INFO - ເຊີເວີກຳລັງເລີ່ມຕົ້ນ
[2025-06-02T14:33:31.770Z] INFO - ແກ້ໄຂ ➝ ຈາກ IP: 192.168.166.99
ລາຍລະອຽດ:
• ລະຫັດສິນຄ້າ: 73
• ຊື່ສິນຄ້າ: 'ເຂົ້າ' ➝ 'ເຂົ້າຈ້າວ'
• ລາຄາຊື້: 10000 ➝ 10000
• ລາຄາຂາຍ: 12000 ➝ 12000
• ຈຳນວນ: 500 ➝ 500
• ລະຫັດປະເພດ: 1 ➝ 1
• ລະຫັດຫົວໜ່ວຍ: 25 ➝ 25
[2025-06-02T14:34:30.983Z] INFO - ເຊີເວີກຳລັງເລີ່ມຕົ້ນ
[2025-06-02T14:34:32.297Z] INFO - ເຊີເວີກຳລັງເລີ່ມຕົ້ນ
[2025-06-02T14:34:33.557Z] INFO - ເຊີເວີກຳລັງເລີ່ມຕົ້ນ
[2025-06-02T14:34:53.470Z] INFO - ແກ້ໄຂ ➝ ຈາກ IP: 192.168.166.99
#ລາຍລະອຽດ:
• ລະຫັດສິນຄ້າ: 80
• ຊື່ສິນຄ້າ: 'ມັງກອນ' ➝ 'ໝາກມັງກອນ'
• ລາຄາຊື້: 35000 ➝ 35000
• ລາຄາຂາຍ: 45000 ➝ 45000
• ຈຳນວນ: 500 ➝ 500
• ລະຫັດປະເພດ: 3 ➝ 3
• ລະຫັດຫົວໜ່ວຍ: 25 ➝ 25
[2025-06-02T14:38:30.653Z] INFO - ເພີ່ມສິນຄ້າ ➝ ຈາກ IP: 192.168.166.99
• ລະຫັດສິນຄ້າ: 81
• ຊື່ສິນຄ້າ: ໝາກມີ້
• ລາຄາຊື້: 40000
• ລາຄາຂາຍ: 60000
• ຈໍານວນ: 50
• ລະຫັດຫມວດໝູ່: 3
• ລະຫັດຫົວໜ່ວຍ: 20
• ຮູບ: https://res.cloudinary.com/dreyxbtxj/image/upload/v1748875111/msgbk8zzalvjyii7geeo.png
[2025-06-02T14:40:09.953Z] INFO - ເພີ່ມສິນຄ້າ ➝ ຈາກ IP: 192.168.166.99
#ລາຍລະອຽດ:
• ລະຫັດສິນຄ້າ: 82
• ຊື່ສິນຄ້າ: ໝາກນອດ
• ລາຄາຊື້: 20000
• ລາຄາຂາຍ: 30000
• ຈໍານວນ: 500
• ລະຫັດຫມວດໝູ່: 3
• ລະຫັດຫົວໜ່ວຍ: 25
• ຮູບ: https://res.cloudinary.com/dreyxbtxj/image/upload/v1748875210/l6qwdq9o7pzrrqchcead.jpg
[2025-06-02T14:43:02.880Z] INFO - ແກ້ໄຂ ➝ ຈາກ IP: 192.168.166.99
#ລາຍລະອຽດ:
• ລະຫັດສິນຄ້າ: 82
• ຊື່ສິນຄ້າ: 'ໝາກນອດ' ➝ 'ນອດ'
• ລາຄາຊື້: 20000 ➝ 20000
• ລາຄາຂາຍ: 30000 ➝ 35000
• ຈຳນວນ: 500 ➝ 50
• ລະຫັດປະເພດ: 3 ➝ 3
• ລະຫັດຫົວໜ່ວຍ: 25 ➝ 25
[2025-06-02T14:44:23.344Z] INFO - ເຊີເວີກຳລັງເລີ່ມຕົ້ນ
[2025-06-02T14:44:27.656Z] INFO - ເຊີເວີກຳລັງເລີ່ມຕົ້ນ
[2025-06-02T14:45:07.602Z] INFO - ເຊີເວີກຳລັງເລີ່ມຕົ້ນ
[2025-06-02T14:45:12.887Z] INFO - ເຊີເວີກຳລັງເລີ່ມຕົ້ນ
[2025-06-02T14:45:54.570Z] INFO - ລຶບ ➝ ຈາກ IP:  192.168.166.99ລະຫັດສິນຄ້າ: 82
[2025-06-02T14:46:11.713Z] INFO - ເຊີເວີກຳລັງເລີ່ມຕົ້ນ
[2025-06-02T14:46:17.266Z] INFO - ລຶບ ➝ ຈາກ IP:  192.168.166.99
ລະຫັດສິນຄ້າ: 81
[2025-06-02T14:47:05.031Z] INFO - ເຊີເວີກຳລັງເລີ່ມຕົ້ນ
[2025-06-02T14:47:14.086Z] INFO - ເພີ່ມໃໝ່ | ລະັຫດປະເພດ: 52 ➝ ຈາກ IP: 192.168.166.99
[2025-06-02T14:47:30.613Z] INFO - ເຊີເວີກຳລັງເລີ່ມຕົ້ນ
[2025-06-02T14:47:42.385Z] INFO - ເຊີເວີກຳລັງເລີ່ມຕົ້ນ
[2025-06-02T14:47:44.818Z] INFO - ເຊີເວີກຳລັງເລີ່ມຕົ້ນ
[2025-06-02T14:48:04.950Z] INFO - ເຊີເວີກຳລັງເລີ່ມຕົ້ນ
[2025-06-02T14:48:09.374Z] INFO - ເຊີເວີກຳລັງເລີ່ມຕົ້ນ
[2025-06-02T14:48:18.014Z] INFO - ເຊີເວີກຳລັງເລີ່ມຕົ້ນ
[2025-06-02T14:48:30.630Z] INFO - ເຊີເວີກຳລັງເລີ່ມຕົ້ນ
[2025-06-02T14:48:34.618Z] INFO - ເຊີເວີກຳລັງເລີ່ມຕົ້ນ
[2025-06-02T14:48:39.237Z] INFO - ເຊີເວີກຳລັງເລີ່ມຕົ້ນ
[2025-06-02T14:48:40.642Z] INFO - ເຊີເວີກຳລັງເລີ່ມຕົ້ນ
[2025-06-02T14:48:51.841Z] INFO - ເຊີເວີກຳລັງເລີ່ມຕົ້ນ
[2025-06-02T14:49:01.674Z] INFO - ເຊີເວີກຳລັງເລີ່ມຕົ້ນ
[2025-06-02T14:49:04.206Z] INFO - ເຊີເວີກຳລັງເລີ່ມຕົ້ນ
[2025-06-02T14:49:22.676Z] INFO - ເຊີເວີກຳລັງເລີ່ມຕົ້ນ
[2025-06-02T14:49:30.710Z] INFO - ເຊີເວີກຳລັງເລີ່ມຕົ້ນ
[2025-06-02T14:49:32.393Z] INFO - ເຊີເວີກຳລັງເລີ່ມຕົ້ນ
[2025-06-02T14:49:38.978Z] INFO - ເຊີເວີກຳລັງເລີ່ມຕົ້ນ
[2025-06-02T14:49:40.952Z] INFO - ເຊີເວີກຳລັງເລີ່ມຕົ້ນ
[2025-06-02T14:50:25.492Z] INFO - ເຊີເວີກຳລັງເລີ່ມຕົ້ນ
[2025-06-02T14:50:28.517Z] INFO - ເຊີເວີກຳລັງເລີ່ມຕົ້ນ
[2025-06-02T14:50:44.220Z] INFO - ເຊີເວີກຳລັງເລີ່ມຕົ້ນ
[2025-06-02T14:50:49.449Z] INFO - ເຊີເວີກຳລັງເລີ່ມຕົ້ນ
[2025-06-02T14:50:50.500Z] INFO - ເຊີເວີກຳລັງເລີ່ມຕົ້ນ
[2025-06-02T14:50:54.561Z] INFO - ເຊີເວີກຳລັງເລີ່ມຕົ້ນ
[2025-06-02T14:50:59.452Z] INFO - ເຊີເວີກຳລັງເລີ່ມຕົ້ນ
[2025-06-02T14:51:14.189Z] INFO - ເຊີເວີກຳລັງເລີ່ມຕົ້ນ
[2025-06-02T14:51:20.974Z] INFO - ເຊີເວີກຳລັງເລີ່ມຕົ້ນ
[2025-06-02T14:51:22.060Z] INFO - ເຊີເວີກຳລັງເລີ່ມຕົ້ນ
[2025-06-02T14:51:25.121Z] INFO - ເຊີເວີກຳລັງເລີ່ມຕົ້ນ
[2025-06-02T14:51:26.733Z] INFO - ເຊີເວີກຳລັງເລີ່ມຕົ້ນ
[2025-06-02T14:51:28.564Z] INFO - ເຊີເວີກຳລັງເລີ່ມຕົ້ນ
[2025-06-02T14:51:33.650Z] INFO - ເຊີເວີກຳລັງເລີ່ມຕົ້ນ
[2025-06-02T14:51:53.073Z] INFO - ເຊີເວີກຳລັງເລີ່ມຕົ້ນ
[2025-06-02T14:52:00.273Z] INFO - ເຊີເວີກຳລັງເລີ່ມຕົ້ນ
[2025-06-02T14:52:36.126Z] INFO - ເຊີເວີກຳລັງເລີ່ມຕົ້ນ
[2025-06-02T14:52:46.754Z] INFO - ເຊີເວີກຳລັງເລີ່ມຕົ້ນ
[2025-06-02T14:52:49.426Z] INFO - ເຊີເວີກຳລັງເລີ່ມຕົ້ນ
[2025-06-02T14:52:52.119Z] INFO - ເຊີເວີກຳລັງເລີ່ມຕົ້ນ
[2025-06-02T14:52:54.284Z] INFO - ເຊີເວີກຳລັງເລີ່ມຕົ້ນ
[2025-06-02T14:52:58.626Z] INFO - ເຊີເວີກຳລັງເລີ່ມຕົ້ນ
[2025-06-02T14:53:05.227Z] INFO - ເຊີເວີກຳລັງເລີ່ມຕົ້ນ
[2025-06-02T14:53:12.931Z] INFO - ເຊີເວີກຳລັງເລີ່ມຕົ້ນ
[2025-06-02T14:53:19.013Z] INFO - ເຊີເວີກຳລັງເລີ່ມຕົ້ນ
[2025-06-02T14:53:21.455Z] INFO - ເຊີເວີກຳລັງເລີ່ມຕົ້ນ
[2025-06-02T14:53:39.594Z] INFO - ລຶບ ➝ ຈາກ IP: 192.168.166.99
ລະຫັດປະເພດ: 52
[2025-06-02T14:55:21.315Z] INFO - ເຊີເວີກຳລັງເລີ່ມຕົ້ນ
[2025-06-02T14:55:47.566Z] INFO - ເຊີເວີກຳລັງເລີ່ມຕົ້ນ
[2025-06-02T14:55:54.590Z] INFO - ເຊີເວີກຳລັງເລີ່ມຕົ້ນ
[2025-06-02T14:55:56.118Z] INFO - ເຊີເວີກຳລັງເລີ່ມຕົ້ນ
[2025-06-02T14:55:59.654Z] INFO - ເຊີເວີກຳລັງເລີ່ມຕົ້ນ
[2025-06-02T14:56:05.434Z] INFO - ເຊີເວີກຳລັງເລີ່ມຕົ້ນ
[2025-06-02T14:56:07.334Z] INFO - ເຊີເວີກຳລັງເລີ່ມຕົ້ນ
[2025-06-02T14:56:08.848Z] INFO - ເຊີເວີກຳລັງເລີ່ມຕົ້ນ
[2025-06-02T14:56:11.443Z] INFO - ເຊີເວີກຳລັງເລີ່ມຕົ້ນ
[2025-06-02T14:56:22.403Z] INFO - ເຊີເວີກຳລັງເລີ່ມຕົ້ນ
[2025-06-02T14:56:30.413Z] INFO - ເຊີເວີກຳລັງເລີ່ມຕົ້ນ
[2025-06-02T14:56:40.468Z] INFO - ເຊີເວີກຳລັງເລີ່ມຕົ້ນ
[2025-06-02T14:56:42.964Z] INFO - ເຊີເວີກຳລັງເລີ່ມຕົ້ນ
[2025-06-02T14:56:47.285Z] INFO - ເຊີເວີກຳລັງເລີ່ມຕົ້ນ
[2025-06-02T14:56:55.726Z] INFO - ເຊີເວີກຳລັງເລີ່ມຕົ້ນ
[2025-06-02T14:57:37.917Z] INFO - ເຊີເວີກຳລັງເລີ່ມຕົ້ນ
[2025-06-02T14:57:42.156Z] INFO - ເຊີເວີກຳລັງເລີ່ມຕົ້ນ
[2025-06-02T14:57:50.895Z] INFO - ເຊີເວີກຳລັງເລີ່ມຕົ້ນ
[2025-06-02T14:57:55.374Z] INFO - ເຊີເວີກຳລັງເລີ່ມຕົ້ນ
[2025-06-02T14:58:03.528Z] INFO - ເພີ່ມ ➝ ຈາກ IP: 192.168.166.99#ລາຍລະອຽດ:
ລະັຫດປະເພດ: 53
ປະເພດ: undefinedຕາຕະລາງ: ປະເພດ
[2025-06-02T14:58:24.434Z] INFO - ເຊີເວີກຳລັງເລີ່ມຕົ້ນ
[2025-06-02T14:58:26.787Z] INFO - ເຊີເວີກຳລັງເລີ່ມຕົ້ນ
[2025-06-02T14:58:30.136Z] INFO - ລຶບ ➝ ຈາກ IP: 192.168.166.99
#ລາຍລະອຽດ:
ລະຫັດປະເພດ: 53
ຈາກຕາຕະລາງ: ປະເພດ
[2025-06-02T14:59:04.495Z] INFO - ເພີ່ມ ➝ ຈາກ IP: 192.168.166.99
#ລາຍລະອຽດ:
ລະັຫດປະເພດ: 54
ປະເພດ: undefinedຕາຕະລາງ: ປະເພດ
[2025-06-02T14:59:36.403Z] INFO - ເຊີເວີກຳລັງເລີ່ມຕົ້ນ
[2025-06-02T14:59:43.550Z] INFO - ເຊີເວີກຳລັງເລີ່ມຕົ້ນ
[2025-06-02T14:59:48.988Z] INFO - ລຶບ ➝ ຈາກ IP: 192.168.166.99
#ລາຍລະອຽດ:
ລະຫັດປະເພດ: 54
ຈາກຕາຕະລາງ: ປະເພດ
[2025-06-02T15:00:56.611Z] INFO - ເພີ່ມ ➝ ຈາກ IP: 192.168.166.99
#ລາຍລະອຽດ:
ລະັຫດປະເພດ: 55
ປະເພດ: ຊີ້ນ
ຕາຕະລາງ: ປະເພດ
[2025-06-02T15:01:27.293Z] INFO - ເຊີເວີກຳລັງເລີ່ມຕົ້ນ
[2025-06-02T15:01:29.794Z] INFO - ເຊີເວີກຳລັງເລີ່ມຕົ້ນ
[2025-06-02T15:01:32.782Z] INFO - ເຊີເວີກຳລັງເລີ່ມຕົ້ນ
[2025-06-02T15:01:39.450Z] INFO - ເພີ່ມ ➝ ຈາກ IP: 192.168.166.99
#ລາຍລະອຽດ:
• ລະັຫດປະເພດ: 56
• ປະເພດ: ປປປ
• ຕາຕະລາງ: ປະເພດ
[2025-06-02T15:01:58.184Z] INFO - ແກ້ໄຂ ➝ ຈາກ IP: 192.168.166.99
#ລາຍລະອຽດ:
• ລະຫັດປະເພດ: 56
• ຊື້ປະເພດ: 'ປປປ' ➝ 'ປາ'ຕາຕະລາງ: ປະເພດ
[2025-06-02T15:02:19.236Z] INFO - ເຊີເວີກຳລັງເລີ່ມຕົ້ນ
[2025-06-02T15:02:22.198Z] INFO - ເຊີເວີກຳລັງເລີ່ມຕົ້ນ
[2025-06-02T15:02:30.255Z] INFO - ແກ້ໄຂ ➝ ຈາກ IP: 192.168.166.99
#ລາຍລະອຽດ:
• ລະຫັດປະເພດ: 56
• ຊື້ປະເພດ: 'ປາ' ➝ 'ປາ999'
ຕາຕະລາງ: ປະເພດ
[2025-06-02T15:02:43.952Z] INFO - ເຊີເວີກຳລັງເລີ່ມຕົ້ນ
[2025-06-02T15:02:49.804Z] INFO - ແກ້ໄຂ ➝ ຈາກ IP: 192.168.166.99
#ລາຍລະອຽດ:
• ລະຫັດປະເພດ: 56
• ຊື້ປະເພດ: 'ປາ999' ➝ 'ປາ'
• ຕາຕະລາງ: ປະເພດ
[2025-06-02T15:03:07.815Z] INFO - ລຶບ ➝ ຈາກ IP: 192.168.166.99
#ລາຍລະອຽດ:
ລະຫັດປະເພດ: 56
ຈາກຕາຕະລາງ: ປະເພດ
[2025-06-02T15:03:21.445Z] INFO - ເພີ່ມ ➝ ຈາກ IP: 192.168.166.99
#ລາຍລະອຽດ:
• ລະັຫດປະເພດ: 57
• ປະເພດ: rrr
• ຕາຕະລາງ: ປະເພດ
[2025-06-02T15:03:31.256Z] INFO - ລຶບ ➝ ຈາກ IP: 192.168.166.99
#ລາຍລະອຽດ:
ລະຫັດປະເພດ: 57
ຈາກຕາຕະລາງ: ປະເພດ
[2025-06-02T15:03:47.774Z] INFO - ເຊີເວີກຳລັງເລີ່ມຕົ້ນ
[2025-06-02T15:04:06.895Z] INFO - ເຊີເວີກຳລັງເລີ່ມຕົ້ນ
[2025-06-02T15:04:16.881Z] INFO - ເຊີເວີກຳລັງເລີ່ມຕົ້ນ
[2025-06-02T15:04:23.538Z] INFO - ເຊີເວີກຳລັງເລີ່ມຕົ້ນ
[2025-06-02T15:05:02.652Z] INFO - ເຊີເວີກຳລັງເລີ່ມຕົ້ນ
[2025-06-02T15:05:34.032Z] INFO - ເຊີເວີກຳລັງເລີ່ມຕົ້ນ
[2025-06-02T15:05:40.636Z] INFO - ເຊີເວີກຳລັງເລີ່ມຕົ້ນ
[2025-06-02T15:05:57.096Z] INFO - ເຊີເວີກຳລັງເລີ່ມຕົ້ນ
[2025-06-02T15:06:00.891Z] INFO - ເຊີເວີກຳລັງເລີ່ມຕົ້ນ
[2025-06-02T15:06:52.491Z] INFO - ເຊີເວີກຳລັງເລີ່ມຕົ້ນ
[2025-06-02T15:06:54.780Z] INFO - ເຊີເວີກຳລັງເລີ່ມຕົ້ນ
[2025-06-02T15:07:02.411Z] INFO - ເຊີເວີກຳລັງເລີ່ມຕົ້ນ
[2025-06-02T15:07:07.362Z] INFO - ເຊີເວີກຳລັງເລີ່ມຕົ້ນ
[2025-06-02T15:07:34.028Z] INFO - ເຊີເວີກຳລັງເລີ່ມຕົ້ນ
[2025-06-02T15:07:39.790Z] INFO - ເຊີເວີກຳລັງເລີ່ມຕົ້ນ
[2025-06-02T15:07:42.159Z] INFO - ເຊີເວີກຳລັງເລີ່ມຕົ້ນ
[2025-06-02T15:07:47.528Z] INFO - ເຊີເວີກຳລັງເລີ່ມຕົ້ນ
[2025-06-02T15:08:07.149Z] INFO - ເຊີເວີກຳລັງເລີ່ມຕົ້ນ
[2025-06-02T15:08:12.595Z] INFO - ເຊີເວີກຳລັງເລີ່ມຕົ້ນ
[2025-06-02T15:08:14.502Z] INFO - ເຊີເວີກຳລັງເລີ່ມຕົ້ນ
[2025-06-02T15:08:16.931Z] INFO - ເຊີເວີກຳລັງເລີ່ມຕົ້ນ
[2025-06-02T15:08:18.418Z] INFO - ເຊີເວີກຳລັງເລີ່ມຕົ້ນ
[2025-06-02T15:08:24.836Z] INFO - ເຊີເວີກຳລັງເລີ່ມຕົ້ນ
[2025-06-02T15:08:39.029Z] INFO - ເຊີເວີກຳລັງເລີ່ມຕົ້ນ
[2025-06-02T15:08:42.233Z] INFO - ເຊີເວີກຳລັງເລີ່ມຕົ້ນ
[2025-06-02T15:08:48.075Z] INFO - ເຊີເວີກຳລັງເລີ່ມຕົ້ນ
[2025-06-02T15:08:54.950Z] INFO - ເຊີເວີກຳລັງເລີ່ມຕົ້ນ
[2025-06-02T15:09:01.090Z] INFO - ເຊີເວີກຳລັງເລີ່ມຕົ້ນ
[2025-06-02T15:09:05.043Z] INFO - ເຊີເວີກຳລັງເລີ່ມຕົ້ນ
[2025-06-02T15:09:06.194Z] INFO - ເຊີເວີກຳລັງເລີ່ມຕົ້ນ
[2025-06-02T15:09:09.869Z] INFO - ເຊີເວີກຳລັງເລີ່ມຕົ້ນ
[2025-06-02T15:09:12.400Z] INFO - ເຊີເວີກຳລັງເລີ່ມຕົ້ນ
[2025-06-02T15:09:38.700Z] INFO - ເຊີເວີກຳລັງເລີ່ມຕົ້ນ
[2025-06-02T15:09:44.816Z] INFO - ເຊີເວີກຳລັງເລີ່ມຕົ້ນ
[2025-06-02T15:09:50.551Z] INFO - ເຊີເວີກຳລັງເລີ່ມຕົ້ນ
[2025-06-02T15:09:58.833Z] INFO - ເຊີເວີກຳລັງເລີ່ມຕົ້ນ
[2025-06-02T15:10:03.074Z] INFO - ເຊີເວີກຳລັງເລີ່ມຕົ້ນ
[2025-06-02T15:10:10.785Z] INFO - ເຊີເວີກຳລັງເລີ່ມຕົ້ນ
[2025-06-02T15:10:19.460Z] INFO - ເຊີເວີກຳລັງເລີ່ມຕົ້ນ
[2025-06-02T15:10:22.674Z] INFO - ເຊີເວີກຳລັງເລີ່ມຕົ້ນ
[2025-06-02T15:10:26.870Z] INFO - ເຊີເວີກຳລັງເລີ່ມຕົ້ນ
[2025-06-02T15:10:42.249Z] INFO - ເຊີເວີກຳລັງເລີ່ມຕົ້ນ
[2025-06-02T15:10:43.530Z] INFO - ເຊີເວີກຳລັງເລີ່ມຕົ້ນ
[2025-06-02T15:10:44.693Z] INFO - ເຊີເວີກຳລັງເລີ່ມຕົ້ນ
[2025-06-02T15:10:47.112Z] INFO - ເຊີເວີກຳລັງເລີ່ມຕົ້ນ
[2025-06-02T15:11:21.054Z] INFO - ເຊີເວີກຳລັງເລີ່ມຕົ້ນ
[2025-06-02T15:11:23.091Z] INFO - ເຊີເວີກຳລັງເລີ່ມຕົ້ນ
[2025-06-02T15:11:26.948Z] INFO - ເຊີເວີກຳລັງເລີ່ມຕົ້ນ
[2025-06-02T15:11:32.279Z] INFO - ເຊີເວີກຳລັງເລີ່ມຕົ້ນ
[2025-06-02T15:11:40.883Z] INFO - ເຊີເວີກຳລັງເລີ່ມຕົ້ນ
[2025-06-02T15:11:42.850Z] INFO - ເຊີເວີກຳລັງເລີ່ມຕົ້ນ
[2025-06-02T15:11:44.006Z] INFO - ເຊີເວີກຳລັງເລີ່ມຕົ້ນ
[2025-06-02T15:11:48.581Z] INFO - ເຊີເວີກຳລັງເລີ່ມຕົ້ນ
[2025-06-02T15:12:00.283Z] INFO - ເຊີເວີກຳລັງເລີ່ມຕົ້ນ
[2025-06-02T15:12:04.212Z] INFO - ເຊີເວີກຳລັງເລີ່ມຕົ້ນ
[2025-06-02T15:12:17.781Z] INFO - ເຊີເວີກຳລັງເລີ່ມຕົ້ນ
[2025-06-02T15:12:29.588Z] INFO - ເຊີເວີກຳລັງເລີ່ມຕົ້ນ
[2025-06-02T15:12:37.702Z] INFO - ເຊີເວີກຳລັງເລີ່ມຕົ້ນ
[2025-06-02T15:12:52.456Z] INFO - ເພີ່ມໃໝ່ ➝ ຈາກ IP: 192.168.166.99#ລາຍລະອຽດ:
ລະຫັດຫົວໜ່ວຍ: 41
ຫົວໜ່ວຍ: ອັນ
ຕາຕະລາງ: ຫົວໜ່ວຍ
[2025-06-02T15:13:19.305Z] INFO - ເຊີເວີກຳລັງເລີ່ມຕົ້ນ
[2025-06-02T15:13:21.708Z] INFO - ເຊີເວີກຳລັງເລີ່ມຕົ້ນ
[2025-06-02T15:13:38.977Z] INFO - ເຊີເວີກຳລັງເລີ່ມຕົ້ນ
[2025-06-02T15:13:39.557Z] INFO - ເຊີເວີກຳລັງເລີ່ມຕົ້ນ
[2025-06-02T15:14:00.278Z] INFO - ເພີ່ມໃໝ່ ➝ ຈາກ IP: 192.168.166.99#ລາຍລະອຽດ:
• ລະຫັດຫົວໜ່ວຍ: 42
• ຫົວໜ່ວຍ: rrr
• ຕາຕະລາງ: ຫົວໜ່ວຍ
[2025-06-02T15:14:36.848Z] INFO - ເຊີເວີກຳລັງເລີ່ມຕົ້ນ
[2025-06-02T15:14:37.593Z] INFO - ເຊີເວີກຳລັງເລີ່ມຕົ້ນ
[2025-06-02T15:14:46.467Z] INFO - ລຶບ  ➝ ຈາກ IP: 192.168.166.99ລະຫັດຫົວໜ່ວຍ: 42ຈາກຕາຕະລາງ:ຫົວໜ່ວຍ
[2025-06-02T15:15:05.414Z] INFO - ເຊີເວີກຳລັງເລີ່ມຕົ້ນ
[2025-06-02T15:15:07.635Z] INFO - ເຊີເວີກຳລັງເລີ່ມຕົ້ນ
[2025-06-02T15:15:16.702Z] INFO - ເພີ່ມໃໝ່ ➝ ຈາກ IP: 192.168.166.99
#ລາຍລະອຽດ:
• ລະຫັດຫົວໜ່ວຍ: 43
• ຫົວໜ່ວຍ: yyy
• ຕາຕະລາງ: ຫົວໜ່ວຍ
[2025-06-02T15:15:35.368Z] INFO - ລຶບ  ➝ ຈາກ IP: 192.168.166.99
ລະຫັດຫົວໜ່ວຍ: 43
ຈາກຕາຕະລາງ:ຫົວໜ່ວຍ
[2025-06-02T15:15:57.396Z] INFO - ເພີ່ມໃໝ່ ➝ ຈາກ IP: 192.168.166.99
#ລາຍລະອຽດ:
• ລະຫັດຫົວໜ່ວຍ: 44
• ຫົວໜ່ວຍ: uuu
• ຕາຕະລາງ: ຫົວໜ່ວຍ
[2025-06-02T15:16:24.626Z] INFO - ແກ້ໄຂ ➝ ຈາກ IP: 192.168.166.99
#ລາຍລະອຽດ:
• ລະຫັດຫົວໜ່ວຍ: 44
• ຊື່ຫົວໜ່ວຍ: 'uuu' ➝ 'ຫວີ'
• ຕາຕະລາງ: ຫົວໜ່ວຍ
[2025-06-02T15:16:41.238Z] INFO - ລຶບ  ➝ ຈາກ IP: 192.168.166.99
ລະຫັດຫົວໜ່ວຍ: 44
ຈາກຕາຕະລາງ:ຫົວໜ່ວຍ
[2025-06-02T15:16:52.897Z] INFO - ເພີ່ມໃໝ່ ➝ ຈາກ IP: 192.168.166.99
#ລາຍລະອຽດ:
• ລະຫັດຫົວໜ່ວຍ: 45
• ຫົວໜ່ວຍ: ຫວີ
• ຕາຕະລາງ: ຫົວໜ່ວຍ
[2025-06-03T00:57:21.663Z] INFO - ເຊີເວີກຳລັງເລີ່ມຕົ້ນ
[2025-06-03T01:17:16.105Z] INFO - ເຊີເວີກຳລັງເລີ່ມຕົ້ນ
[2025-06-03T01:17:34.486Z] INFO - ເຊີເວີກຳລັງເລີ່ມຕົ້ນ
[2025-06-03T01:18:45.145Z] INFO - ເຊີເວີກຳລັງເລີ່ມຕົ້ນ
[2025-06-03T01:18:51.734Z] INFO - ເຊີເວີກຳລັງເລີ່ມຕົ້ນ
[2025-06-03T01:19:00.584Z] INFO - ເຊີເວີກຳລັງເລີ່ມຕົ້ນ
[2025-06-03T01:19:09.909Z] INFO - ເຊີເວີກຳລັງເລີ່ມຕົ້ນ
[2025-06-03T01:19:43.816Z] INFO - ເຊີເວີກຳລັງເລີ່ມຕົ້ນ
[2025-06-03T01:19:45.997Z] INFO - ເຊີເວີກຳລັງເລີ່ມຕົ້ນ
[2025-06-03T01:19:49.543Z] INFO - ເຊີເວີກຳລັງເລີ່ມຕົ້ນ
[2025-06-03T01:19:53.504Z] INFO - ເຊີເວີກຳລັງເລີ່ມຕົ້ນ
[2025-06-03T03:13:14.602Z] INFO - ເຊີເວີກຳລັງເລີ່ມຕົ້ນ
[2025-06-03T03:20:18.983Z] INFO - ເຊີເວີກຳລັງເລີ່ມຕົ້ນ
[2025-06-03T03:20:29.239Z] INFO - ເຊີເວີກຳລັງເລີ່ມຕົ້ນ
[2025-06-03T03:20:32.858Z] INFO - ເຊີເວີກຳລັງເລີ່ມຕົ້ນ
[2025-06-03T03:20:36.097Z] INFO - ເຊີເວີກຳລັງເລີ່ມຕົ້ນ
[2025-06-03T03:20:37.597Z] INFO - ເຊີເວີກຳລັງເລີ່ມຕົ້ນ
[2025-06-03T03:22:49.960Z] INFO - ເຊີເວີກຳລັງເລີ່ມຕົ້ນ
[2025-06-03T03:22:51.955Z] INFO - ເຊີເວີກຳລັງເລີ່ມຕົ້ນ
[2025-06-03T03:23:03.015Z] INFO - ເຊີເວີກຳລັງເລີ່ມຕົ້ນ
[2025-06-03T03:23:10.246Z] INFO - ເຊີເວີກຳລັງເລີ່ມຕົ້ນ
[2025-06-03T03:23:25.773Z] INFO - ເຊີເວີກຳລັງເລີ່ມຕົ້ນ
[2025-06-03T03:23:31.210Z] INFO - ເຊີເວີກຳລັງເລີ່ມຕົ້ນ
[2025-06-03T03:23:36.433Z] INFO - ເຊີເວີກຳລັງເລີ່ມຕົ້ນ
[2025-06-03T03:23:44.013Z] INFO - ເຊີເວີກຳລັງເລີ່ມຕົ້ນ
[2025-06-03T03:23:58.483Z] INFO - ເຊີເວີກຳລັງເລີ່ມຕົ້ນ
[2025-06-03T03:24:00.587Z] INFO - ເຊີເວີກຳລັງເລີ່ມຕົ້ນ
[2025-06-03T03:24:01.976Z] INFO - ເຊີເວີກຳລັງເລີ່ມຕົ້ນ
[2025-06-03T03:24:06.922Z] INFO - ເຊີເວີກຳລັງເລີ່ມຕົ້ນ
[2025-06-03T03:24:11.586Z] INFO - ເຊີເວີກຳລັງເລີ່ມຕົ້ນ
[2025-06-03T03:24:17.470Z] INFO - ເຊີເວີກຳລັງເລີ່ມຕົ້ນ
[2025-06-03T03:24:29.753Z] INFO - ເຊີເວີກຳລັງເລີ່ມຕົ້ນ
[2025-06-03T03:24:31.609Z] INFO - ເຊີເວີກຳລັງເລີ່ມຕົ້ນ
[2025-06-03T03:24:35.567Z] INFO - ເຊີເວີກຳລັງເລີ່ມຕົ້ນ
[2025-06-03T03:24:39.417Z] INFO - ເຊີເວີກຳລັງເລີ່ມຕົ້ນ
[2025-06-03T03:24:44.929Z] INFO - ເຊີເວີກຳລັງເລີ່ມຕົ້ນ
[2025-06-03T03:29:36.148Z] INFO - ເຊີເວີກຳລັງເລີ່ມຕົ້ນ
[2025-06-03T03:29:41.799Z] INFO - ເຊີເວີກຳລັງເລີ່ມຕົ້ນ
[2025-06-03T03:29:43.706Z] INFO - ເຊີເວີກຳລັງເລີ່ມຕົ້ນ
[2025-06-03T03:29:57.440Z] INFO - ເຊີເວີກຳລັງເລີ່ມຕົ້ນ
[2025-06-03T03:30:06.231Z] INFO - ເຊີເວີກຳລັງເລີ່ມຕົ້ນ
[2025-06-03T03:30:08.618Z] INFO - ເຊີເວີກຳລັງເລີ່ມຕົ້ນ
[2025-06-03T07:04:20.999Z] INFO - ເຊີເວີກຳລັງເລີ່ມຕົ້ນ
[2025-06-03T07:05:47.640Z] INFO - ເຊີເວີກຳລັງເລີ່ມຕົ້ນ
[2025-06-03T07:11:21.861Z] INFO - ເຊີເວີກຳລັງເລີ່ມຕົ້ນ
[2025-06-03T07:13:24.740Z] INFO - ລຶບ ➝ ຈາກ IP:  192.168.156.86
ລະຫັດສິນຄ້າ: 80
ຈາກຕາຕະລາງ: ສິນຄ້າ
[2025-06-03T07:13:32.195Z] INFO - ເຊີເວີກຳລັງເລີ່ມຕົ້ນ
[2025-06-03T07:15:03.112Z] INFO - ແກ້ໄຂ ➝ ຈາກ IP: 192.168.156.86
#ລາຍລະອຽດ:
• ລະຫັດສິນຄ້າ: 53
• ລາຄາຊື້: 40000 ➝ 50000
• ລາຄາຂາຍ: 55000 ➝ 55000
• ຈຳນວນ: 1000 ➝ 1000
• ລະຫັດປະເພດ: 3 ➝ 3
• ລະຫັດຫົວໜ່ວຍ: 25 ➝ 25• ຕາຕະລາງ: ສິນຄ້າ
[2025-06-03T07:15:53.084Z] INFO - ເພີ່ມ ➝ ຈາກ IP: 192.168.156.151
#ລາຍລະອຽດ:
• ລະັຫດປະເພດ: 58
• ປະເພດ: ປາ
• ຕາຕະລາງ: ປະເພດ
[2025-06-03T07:18:26.247Z] INFO - ເພີ່ມ ➝ ຈາກ IP: 192.168.156.151
#ລາຍລະອຽດ:
• ລະັຫດປະເພດ: 59
• ປະເພດ: ກົບ
• ຕາຕະລາງ: ປະເພດ
[2025-06-03T07:18:39.619Z] INFO - ລຶບ ➝ ຈາກ IP: 192.168.156.151
#ລາຍລະອຽດ:
ລະຫັດປະເພດ: 58
ຈາກຕາຕະລາງ: ປະເພດ
[2025-06-03T07:19:11.503Z] INFO - ແກ້ໄຂ ➝ ຈາກ IP: 192.168.156.151
#ລາຍລະອຽດ:
• ລະຫັດປະເພດ: 1
• ຊື້ປະເພດ: 'ເຂົ້າ' ➝ 'ປາ'
• ຕາຕະລາງ: ປະເພດ
[2025-06-03T07:19:27.475Z] INFO - ລຶບ ➝ ຈາກ IP: 192.168.156.151
#ລາຍລະອຽດ:
ລະຫັດປະເພດ: 59
ຈາກຕາຕະລາງ: ປະເພດ
[2025-06-03T07:19:34.125Z] INFO - ເພີ່ມສິນຄ້າ ➝ ຈາກ IP: 192.168.156.47
#ລາຍລະອຽດ:
• ລະຫັດສິນຄ້າ: 83
• ຊື່ສິນຄ້າ: ໝາກຕ້ອງ
• ລາຄາຊື້: 20000
• ລາຄາຂາຍ: 25000
• ຈໍານວນ: 100
• ລະຫັດຫມວດໝູ່: 3
• ລະຫັດຫົວໜ່ວຍ: 25
• ຮູບ: https://res.cloudinary.com/dreyxbtxj/image/upload/v1748935173/hbc7na41gklu1jbhoibg.jpg• ຕາຕະລາງ: ສິນຄ້າ
[2025-06-03T07:20:23.052Z] INFO - ເພີ່ມໃໝ່ ➝ ຈາກ IP: 192.168.156.86
#ລາຍລະອຽດ:
• ລະຫັດຫົວໜ່ວຍ: 46
• ຫົວໜ່ວຍ: ດ
• ຕາຕະລາງ: ຫົວໜ່ວຍ
[2025-06-03T07:20:29.676Z] INFO - ລຶບ  ➝ ຈາກ IP: 192.168.156.86
ລະຫັດຫົວໜ່ວຍ: 46
ຈາກຕາຕະລາງ:ຫົວໜ່ວຍ
[2025-06-03T07:21:26.470Z] INFO - ເຊີເວີກຳລັງເລີ່ມຕົ້ນ
[2025-06-03T07:21:31.439Z] INFO - ແກ້ໄຂ ➝ ຈາກ IP: 192.168.156.47
#ລາຍລະອຽດ:
• ລະຫັດສິນຄ້າ: 73
• ຊື່ສິນຄ້າ: 'ເຂົ້າຈ້າວ' ➝ 'ປາ'
• ລາຄາຊື້: 10000 ➝ 30000
• ລາຄາຂາຍ: 12000 ➝ 35000
• ຈຳນວນ: 500 ➝ 1000
• ລະຫັດປະເພດ: 1 ➝ 55
• ລະຫັດຫົວໜ່ວຍ: 25 ➝ 25• ຕາຕະລາງ: ສິນຄ້າ
[2025-06-03T07:22:05.929Z] INFO - ລຶບ ➝ ຈາກ IP:  192.168.156.47
ລະຫັດສິນຄ້າ: 54
ຈາກຕາຕະລາງ: ສິນຄ້າ
[2025-06-03T07:22:11.205Z] INFO - ເຊີເວີກຳລັງເລີ່ມຕົ້ນ
[2025-06-03T07:22:29.828Z] INFO - ເຊີເວີກຳລັງເລີ່ມຕົ້ນ
[2025-06-03T07:22:49.670Z] INFO - ເຊີເວີກຳລັງເລີ່ມຕົ້ນ
[2025-06-03T07:23:35.376Z] INFO - ເຊີເວີກຳລັງເລີ່ມຕົ້ນ
[2025-06-03T07:23:38.923Z] INFO - ເຊີເວີກຳລັງເລີ່ມຕົ້ນ
[2025-06-03T07:23:48.480Z] INFO - ເຊີເວີກຳລັງເລີ່ມຕົ້ນ
[2025-06-03T07:24:46.869Z] INFO - ເຊີເວີກຳລັງເລີ່ມຕົ້ນ
[2025-06-03T07:24:55.831Z] INFO - ເຊີເວີກຳລັງເລີ່ມຕົ້ນ
[2025-06-03T07:30:05.912Z] INFO - ເພີ່ມສິນຄ້າ ➝ ຈາກ IP: 192.168.156.47
#ລາຍລະອຽດ:
• ລະຫັດສິນຄ້າ: 84
• ຊື່ສິນຄ້າ: ຜັກກາດ
• ລາຄາຊື້: 50000
• ລາຄາຂາຍ: 60000
• ຈໍານວນ: 200
• ລະຫັດຫມວດໝູ່: 2
• ລະຫັດຫົວໜ່ວຍ: 25
• ຮູບ: https://res.cloudinary.com/dreyxbtxj/image/upload/v1748935805/dxeok48qasahxxiycxns.jpg
• ຕາຕະລາງ: ສິນຄ້າ
[2025-06-03T07:36:35.064Z] INFO - ເພີ່ມ ➝ ຈາກ IP: 192.168.156.151
#ລາຍລະອຽດ:
• ລະັຫດປະເພດ: 60
• ປະເພດ: ໄຂ່
• ຕາຕະລາງ: ປະເພດ
[2025-06-03T07:37:46.540Z] INFO - ແກ້ໄຂ ➝ ຈາກ IP: 192.168.156.86
#ລາຍລະອຽດ:
• ລະຫັດຫົວໜ່ວຍ: 45
• ຊື່ຫົວໜ່ວຍ: 'ຫວີ' ➝ 'ກະຕ່າ'
• ຕາຕະລາງ: ຫົວໜ່ວຍ
[2025-06-03T07:42:12.506Z] INFO - ສັ່ງຊື້ລຳເລັດແລ້ວ ຈາກໝາຍເລກ IP: 192.168.156.86
[2025-06-03T07:42:12.540Z] INFO - ສັ່ງຊື້ລຳເລັດແລ້ວ ຈາກໝາຍເລກ IP: 192.168.156.86
Order Detail:
{
  "order_id": 2,
  "product_id": 53,
  "qty": 2,
  "price": 55000
}
[2025-06-03T07:51:13.464Z] INFO - ເຊີເວີກຳລັງເລີ່ມຕົ້ນ
[2025-06-03T07:53:38.309Z] INFO - ແກ້ໄຂ ➝ ຈາກ IP: 192.168.156.86
#ລາຍລະອຽດ:
• ລະຫັດປະເພດ: 60
• ຊື້ປະເພດ: 'ໄຂ່' ➝ 'ລິດ'
• ຕາຕະລາງ: ປະເພດ
[2025-06-03T07:54:28.671Z] INFO - ເພີ່ມ ➝ ຈາກ IP: 192.168.156.86
#ລາຍລະອຽດ:
• ລະັຫດປະເພດ: 61
• ປະເພດ: ດ
• ຕາຕະລາງ: ປະເພດ
[2025-06-03T07:55:10.781Z] INFO - ສັ່ງຊື້ລຳເລັດແລ້ວ ຈາກໝາຍເລກ IP: 192.168.156.151
[2025-06-03T07:55:10.851Z] INFO - ສັ່ງຊື້ລຳເລັດແລ້ວ ຈາກໝາຍເລກ IP: 192.168.156.151
Order Detail:
{
  "order_id": 3,
  "product_id": 56,
  "qty": 2,
  "price": 40000
}
[2025-06-03T07:55:26.536Z] INFO - ເຊີເວີກຳລັງເລີ່ມຕົ້ນ
[2025-06-04T12:59:34.824Z] INFO - ເຊີເວີກຳລັງເລີ່ມຕົ້ນ
[2025-06-05T06:25:00.708Z] INFO - ເຊີເວີກຳລັງເລີ່ມຕົ້ນ
[2025-06-05T06:46:31.639Z] INFO - ເຊີເວີກຳລັງເລີ່ມຕົ້ນ
[2025-06-05T06:53:35.525Z] INFO - ລຶບ ➝ ຈາກ IP:  192.168.156.99
ລະຫັດສິນຄ້າ: 84
ຈາກຕາຕະລາງ: ສິນຄ້າ
[2025-06-05T07:41:00.784Z] INFO - ເຊີເວີກຳລັງເລີ່ມຕົ້ນ
[2025-06-05T13:09:21.686Z] INFO - ເຊີເວີກຳລັງເລີ່ມຕົ້ນ
[2025-06-05T13:26:59.435Z] INFO - ເຊີເວີກຳລັງເລີ່ມຕົ້ນ
[2025-06-05T14:43:07.711Z] INFO - ເຊີເວີກຳລັງເລີ່ມຕົ້ນ
[2025-06-09T12:07:39.994Z] INFO - ເຊີເວີກຳລັງເລີ່ມຕົ້ນ
[2025-06-09T12:09:35.951Z] INFO - ເຊີເວີກຳລັງເລີ່ມຕົ້ນ
[2025-06-09T12:09:36.498Z] INFO - ເຊີເວີກຳລັງເລີ່ມຕົ້ນ
[2025-06-09T12:10:07.155Z] INFO - ເຊີເວີກຳລັງເລີ່ມຕົ້ນ
[2025-06-09T12:10:11.054Z] INFO - ເຊີເວີກຳລັງເລີ່ມຕົ້ນ
[2025-06-09T12:10:18.913Z] INFO - ເຊີເວີກຳລັງເລີ່ມຕົ້ນ
[2025-06-09T12:10:22.511Z] INFO - ເຊີເວີກຳລັງເລີ່ມຕົ້ນ
[2025-06-09T12:10:25.409Z] INFO - ເຊີເວີກຳລັງເລີ່ມຕົ້ນ
[2025-06-09T12:10:26.689Z] INFO - ເຊີເວີກຳລັງເລີ່ມຕົ້ນ
[2025-06-09T12:10:46.997Z] INFO - ເຊີເວີກຳລັງເລີ່ມຕົ້ນ
[2025-06-09T12:11:06.437Z] INFO - ເຊີເວີກຳລັງເລີ່ມຕົ້ນ
[2025-06-09T12:11:07.586Z] INFO - ເຊີເວີກຳລັງເລີ່ມຕົ້ນ
[2025-06-09T12:11:08.641Z] INFO - ເຊີເວີກຳລັງເລີ່ມຕົ້ນ
[2025-06-09T12:11:09.882Z] INFO - ເຊີເວີກຳລັງເລີ່ມຕົ້ນ
[2025-06-09T12:11:11.100Z] INFO - ເຊີເວີກຳລັງເລີ່ມຕົ້ນ
[2025-06-09T12:11:12.327Z] INFO - ເຊີເວີກຳລັງເລີ່ມຕົ້ນ
[2025-06-09T12:12:18.708Z] INFO - ເຊີເວີກຳລັງເລີ່ມຕົ້ນ
[2025-06-09T12:12:50.877Z] INFO - ເຊີເວີກຳລັງເລີ່ມຕົ້ນ
[2025-06-09T12:14:06.225Z] INFO - ເຊີເວີກຳລັງເລີ່ມຕົ້ນ
[2025-06-09T12:14:10.643Z] INFO - ເຊີເວີກຳລັງເລີ່ມຕົ້ນ
[2025-06-09T12:14:16.789Z] INFO - ເຊີເວີກຳລັງເລີ່ມຕົ້ນ
[2025-06-09T12:14:23.465Z] INFO - ເຊີເວີກຳລັງເລີ່ມຕົ້ນ
[2025-06-09T12:14:32.542Z] INFO - ເຊີເວີກຳລັງເລີ່ມຕົ້ນ
[2025-06-09T12:14:34.911Z] INFO - ເຊີເວີກຳລັງເລີ່ມຕົ້ນ
[2025-06-09T12:14:40.520Z] INFO - ເຊີເວີກຳລັງເລີ່ມຕົ້ນ
[2025-06-09T12:14:42.102Z] INFO - ເຊີເວີກຳລັງເລີ່ມຕົ້ນ
[2025-06-09T12:14:58.641Z] INFO - ເຊີເວີກຳລັງເລີ່ມຕົ້ນ
[2025-06-09T12:14:59.855Z] INFO - ເຊີເວີກຳລັງເລີ່ມຕົ້ນ
[2025-06-09T12:15:00.894Z] INFO - ເຊີເວີກຳລັງເລີ່ມຕົ້ນ
[2025-06-09T12:15:09.667Z] INFO - ເຊີເວີກຳລັງເລີ່ມຕົ້ນ
[2025-06-09T12:15:10.618Z] INFO - ເຊີເວີກຳລັງເລີ່ມຕົ້ນ
[2025-06-09T12:15:46.993Z] INFO - ເຊີເວີກຳລັງເລີ່ມຕົ້ນ
[2025-06-09T12:15:49.353Z] INFO - ເຊີເວີກຳລັງເລີ່ມຕົ້ນ
[2025-06-09T12:15:52.839Z] INFO - ເຊີເວີກຳລັງເລີ່ມຕົ້ນ
[2025-06-09T12:15:55.074Z] INFO - ເຊີເວີກຳລັງເລີ່ມຕົ້ນ
[2025-06-09T12:16:09.304Z] INFO - ເຊີເວີກຳລັງເລີ່ມຕົ້ນ
[2025-06-09T12:16:11.425Z] INFO - ເຊີເວີກຳລັງເລີ່ມຕົ້ນ
[2025-06-09T12:16:15.076Z] INFO - ເຊີເວີກຳລັງເລີ່ມຕົ້ນ
[2025-06-09T12:16:18.210Z] INFO - ເຊີເວີກຳລັງເລີ່ມຕົ້ນ
[2025-06-09T12:16:21.456Z] INFO - ເຊີເວີກຳລັງເລີ່ມຕົ້ນ
[2025-06-09T13:02:44.290Z] INFO - ເຊີເວີກຳລັງເລີ່ມຕົ້ນ
[2025-06-09T13:05:25.610Z] INFO - ເຊີເວີກຳລັງເລີ່ມຕົ້ນ
[2025-06-09T13:05:28.656Z] INFO - ເຊີເວີກຳລັງເລີ່ມຕົ້ນ
[2025-06-09T13:05:37.506Z] INFO - ເຊີເວີກຳລັງເລີ່ມຕົ້ນ
[2025-06-09T13:05:40.206Z] INFO - ເຊີເວີກຳລັງເລີ່ມຕົ້ນ
[2025-06-09T13:05:45.170Z] INFO - ເຊີເວີກຳລັງເລີ່ມຕົ້ນ
[2025-06-09T13:05:50.276Z] INFO - ເຊີເວີກຳລັງເລີ່ມຕົ້ນ
[2025-06-09T13:05:52.505Z] INFO - ເຊີເວີກຳລັງເລີ່ມຕົ້ນ
[2025-06-09T13:05:55.200Z] INFO - ເຊີເວີກຳລັງເລີ່ມຕົ້ນ
[2025-06-09T13:06:11.964Z] INFO - ເຊີເວີກຳລັງເລີ່ມຕົ້ນ
[2025-06-09T13:06:13.501Z] INFO - ເຊີເວີກຳລັງເລີ່ມຕົ້ນ
[2025-06-09T13:06:33.051Z] INFO - ເຊີເວີກຳລັງເລີ່ມຕົ້ນ
[2025-06-09T13:06:35.581Z] INFO - ເຊີເວີກຳລັງເລີ່ມຕົ້ນ
[2025-06-09T13:06:45.851Z] INFO - ເຊີເວີກຳລັງເລີ່ມຕົ້ນ
[2025-06-09T13:06:51.088Z] INFO - ເຊີເວີກຳລັງເລີ່ມຕົ້ນ
[2025-06-09T13:06:56.417Z] INFO - ເຊີເວີກຳລັງເລີ່ມຕົ້ນ
[2025-06-09T13:07:01.936Z] INFO - ເຊີເວີກຳລັງເລີ່ມຕົ້ນ
[2025-06-09T13:07:06.843Z] INFO - ເຊີເວີກຳລັງເລີ່ມຕົ້ນ
[2025-06-09T13:07:10.542Z] INFO - ເຊີເວີກຳລັງເລີ່ມຕົ້ນ
[2025-06-09T13:07:13.528Z] INFO - ເຊີເວີກຳລັງເລີ່ມຕົ້ນ
[2025-06-09T13:07:15.851Z] INFO - ເຊີເວີກຳລັງເລີ່ມຕົ້ນ
[2025-06-09T13:28:44.098Z] INFO - ເຊີເວີກຳລັງເລີ່ມຕົ້ນ
[2025-06-09T13:28:44.641Z] INFO - ເຊີເວີກຳລັງເລີ່ມຕົ້ນ
[2025-06-09T13:28:57.720Z] INFO - ເຊີເວີກຳລັງເລີ່ມຕົ້ນ
[2025-06-09T13:29:17.338Z] INFO - ເຊີເວີກຳລັງເລີ່ມຕົ້ນ
[2025-06-09T13:29:56.765Z] INFO - ເຊີເວີກຳລັງເລີ່ມຕົ້ນ
[2025-06-09T13:30:43.762Z] INFO - ລຶບ ➝ ຈາກ IP:  192.168.211.99
ລະຫັດສິນຄ້າ: 85
ຈາກຕາຕະລາງ: ສິນຄ້າ
[2025-06-09T13:31:58.661Z] INFO - ເຊີເວີກຳລັງເລີ່ມຕົ້ນ
[2025-06-09T13:35:33.170Z] INFO - ເຊີເວີກຳລັງເລີ່ມຕົ້ນ
[2025-06-09T13:35:37.263Z] INFO - ເຊີເວີກຳລັງເລີ່ມຕົ້ນ
[2025-06-09T13:40:50.294Z] INFO - ເຊີເວີກຳລັງເລີ່ມຕົ້ນ
[2025-06-09T13:49:36.676Z] INFO - ເພີ່ມສິນຄ້າ ➝ ຈາກ IP: 192.168.211.99
ຊື່ຄອມພິວເຕີ:MyPC
ຊື່ຜູ້ໃຊ້: admin
#ລາຍລະອຽດ:
• ລະຫັດສິນຄ້າ: 86
• ຊື່ສິນຄ້າ: Sample
• ລາຄາຊື້: 1000
• ລາຄາຂາຍ: 900
• ຈໍານວນ: 5
• ລະຫັດຫມວດໝູ່: 2
• ລະຫັດຫົວໜ່ວຍ: 5
• ຮູບ: https://example.com/image.png
• ຕາຕະລາງ: ສິນຄ້າ
[2025-06-09T14:02:09.328Z] INFO - ເຊີເວີກຳລັງເລີ່ມຕົ້ນ
[2025-06-09T14:09:34.717Z] INFO - ເຊີເວີກຳລັງເລີ່ມຕົ້ນ
[2025-06-09T14:11:31.867Z] INFO - ລຶບ ➝ ຈາກ IP:  192.168.211.99
ລະຫັດສິນຄ້າ: 86
ຈາກຕາຕະລາງ: ສິນຄ້າ
[2025-06-09T14:11:34.466Z] INFO - ລຶບ ➝ ຈາກ IP:  192.168.211.99
ລະຫັດສິນຄ້າ: 83
ຈາກຕາຕະລາງ: ສິນຄ້າ
[2025-06-09T14:11:37.479Z] INFO - ລຶບ ➝ ຈາກ IP:  192.168.211.99
ລະຫັດສິນຄ້າ: 79
ຈາກຕາຕະລາງ: ສິນຄ້າ
[2025-06-10T02:11:04.567Z] INFO - ເຊີເວີກຳລັງເລີ່ມຕົ້ນ
[2025-06-10T02:11:18.323Z] INFO - ເຊີເວີກຳລັງເລີ່ມຕົ້ນ
[2025-06-10T02:31:40.908Z] INFO - ເຊີເວີກຳລັງເລີ່ມຕົ້ນ
[2025-06-10T02:38:48.818Z] INFO - ເຊີເວີກຳລັງເລີ່ມຕົ້ນ
[2025-06-10T02:39:00.293Z] INFO - ເຊີເວີກຳລັງເລີ່ມຕົ້ນ
[2025-06-10T03:04:03.411Z] INFO - ເພີ່ມສິນຄ້າ ➝ ຈາກ IP: 192.168.211.162
ຊື່ຄອມພິວເຕີ:OP574FL1
ຊື່ຜູ້ໃຊ້: Admin
#ລາຍລະອຽດ:
• ລະຫັດສິນຄ້າ: 87
• ຊື່ສິນຄ້າ: Aa
• ລາຄາຊື້: 5000
• ລາຄາຂາຍ: 10000
• ຈໍານວນ: 50
• ລະຫັດຫມວດໝູ່: 3
• ລະຫັດຫົວໜ່ວຍ: 25
• ຮູບ: https://res.cloudinary.com/dreyxbtxj/image/upload/v1749524642/xltrceblf7e4bbsiovsr.jpg
• ຕາຕະລາງ: ສິນຄ້າ
[2025-06-10T03:08:24.009Z] INFO - ເຊີເວີກຳລັງເລີ່ມຕົ້ນ
[2025-06-10T03:09:54.607Z] INFO - ເພີ່ມສິນຄ້າ ➝ ຈາກ IP: 192.168.211.162
ຊື່ເຄື່ອງ:OP574FL1
ຊື່ຜູ້ໃຊ້: null
#ລາຍລະອຽດ:
• ລະຫັດສິນຄ້າ: 88
• ຊື່ສິນຄ້າ: Bb
• ລາຄາຊື້: 5000
• ລາຄາຂາຍ: 8000
• ຈໍານວນ: 50
• ລະຫັດຫມວດໝູ່: 3
• ລະຫັດຫົວໜ່ວຍ: 20
• ຮູບ: https://res.cloudinary.com/dreyxbtxj/image/upload/v1749524994/nfko6owjoubququcmo7n.jpg
• ຕາຕະລາງ: ສິນຄ້າ
[2025-06-10T03:13:09.976Z] INFO - ເພີ່ມສິນຄ້າ ➝ ຈາກ IP: 192.168.211.162
ຊື່ເຄື່ອງ:OP574FL1
ຊື່ຜູ້ໃຊ້: Maybee
#ລາຍລະອຽດ:
• ລະຫັດສິນຄ້າ: 89
• ຊື່ສິນຄ້າ: Aa
• ລາຄາຊື້: 5000
• ລາຄາຂາຍ: 10000
• ຈໍານວນ: 10
• ລະຫັດຫມວດໝູ່: 3
• ລະຫັດຫົວໜ່ວຍ: 25
• ຮູບ: https://res.cloudinary.com/dreyxbtxj/image/upload/v1749525189/p7fwbkp1n5kjp48whlhu.jpg
• ຕາຕະລາງ: ສິນຄ້າ
[2025-06-10T04:13:17.291Z] INFO - ສັ່ງຊື້ລຳເລັດແລ້ວ ຈາກໝາຍເລກ IP: 192.168.211.47
[2025-06-10T04:13:17.317Z] INFO - ສັ່ງຊື້ລຳເລັດແລ້ວ ຈາກໝາຍເລກ IP: 192.168.211.47
Order Detail:
{
  "order_id": 4,
  "product_id": 53,
  "qty": 1,
  "price": 55000
}
[2025-06-13T14:01:36.543Z] INFO - ເຊີເວີກຳລັງເລີ່ມຕົ້ນ
[2025-06-17T01:13:28.069Z] INFO - ເຊີເວີກຳລັງເລີ່ມຕົ້ນ
[2025-06-17T01:17:41.179Z] INFO - ເຊີເວີກຳລັງເລີ່ມຕົ້ນ
